<?xml version="1.0" encoding="UTF-8"?>
<coverage generated="1600955177052" clover="3.2.0">
  <project timestamp="1600955177052" name="All files">
    <metrics statements="257" coveredstatements="198" conditionals="98" coveredconditionals="77" methods="46" coveredmethods="31" elements="401" coveredelements="306" complexity="0" loc="257" ncloc="257" packages="1" files="2" classes="2"/>
    <file name="connect4.js" path="/Users/connoraird/Documents/Academy/mini-project/connect4/server/connect4.js">
      <metrics statements="118" coveredstatements="110" conditionals="50" coveredconditionals="42" methods="22" coveredmethods="21"/>
      <line num="1" count="2" type="stmt"/>
      <line num="2" count="2" type="stmt"/>
      <line num="3" count="2" type="stmt"/>
      <line num="6" count="12" type="stmt"/>
      <line num="10" count="6" type="stmt"/>
      <line num="12" count="12" type="cond" truecount="2" falsecount="0"/>
      <line num="13" count="5" type="stmt"/>
      <line num="16" count="1" type="stmt"/>
      <line num="21" count="7" type="stmt"/>
      <line num="22" count="7" type="stmt"/>
      <line num="23" count="7" type="stmt"/>
      <line num="25" count="7" type="stmt"/>
      <line num="26" count="29" type="stmt"/>
      <line num="27" count="29" type="stmt"/>
      <line num="32" count="7" type="stmt"/>
      <line num="33" count="42" type="stmt"/>
      <line num="34" count="294" type="cond" truecount="2" falsecount="0"/>
      <line num="35" count="218" type="stmt"/>
      <line num="37" count="76" type="stmt"/>
      <line num="42" count="42" type="stmt"/>
      <line num="44" count="42" type="cond" truecount="1" falsecount="1"/>
      <line num="46" count="42" type="cond" truecount="2" falsecount="0"/>
      <line num="47" count="1" type="stmt"/>
      <line num="48" count="41" type="cond" truecount="1" falsecount="1"/>
      <line num="49" count="0" type="stmt"/>
      <line num="51" count="42" type="stmt"/>
      <line num="54" count="0" type="stmt"/>
      <line num="57" count="7" type="cond" truecount="2" falsecount="0"/>
      <line num="58" count="1" type="stmt"/>
      <line num="61" count="6" type="stmt"/>
      <line num="65" count="6" type="stmt"/>
      <line num="66" count="6" type="stmt"/>
      <line num="67" count="6" type="stmt"/>
      <line num="68" count="252" type="stmt"/>
      <line num="69" count="252" type="cond" truecount="2" falsecount="0"/>
      <line num="70" count="42" type="stmt"/>
      <line num="72" count="252" type="stmt"/>
      <line num="73" count="252" type="stmt"/>
      <line num="77" count="6" type="stmt"/>
      <line num="78" count="42" type="stmt"/>
      <line num="79" count="252" type="cond" truecount="1" falsecount="1"/>
      <line num="80" count="0" type="stmt"/>
      <line num="82" count="252" type="stmt"/>
      <line num="85" count="42" type="stmt"/>
      <line num="87" count="42" type="cond" truecount="2" falsecount="0"/>
      <line num="89" count="36" type="cond" truecount="2" falsecount="0"/>
      <line num="90" count="1" type="stmt"/>
      <line num="91" count="35" type="cond" truecount="1" falsecount="1"/>
      <line num="92" count="0" type="stmt"/>
      <line num="94" count="36" type="stmt"/>
      <line num="97" count="6" type="stmt"/>
      <line num="100" count="6" type="cond" truecount="2" falsecount="0"/>
      <line num="101" count="1" type="stmt"/>
      <line num="104" count="5" type="stmt"/>
      <line num="108" count="5" type="stmt"/>
      <line num="109" count="14" type="stmt"/>
      <line num="110" count="14" type="stmt"/>
      <line num="112" count="14" type="stmt"/>
      <line num="115" count="54" type="cond" truecount="2" falsecount="0"/>
      <line num="116" count="13" type="stmt"/>
      <line num="117" count="13" type="stmt"/>
      <line num="118" count="19" type="cond" truecount="1" falsecount="1"/>
      <line num="119" count="0" type="stmt"/>
      <line num="122" count="19" type="cond" truecount="2" falsecount="0"/>
      <line num="123" count="13" type="stmt"/>
      <line num="128" count="54" type="cond" truecount="2" falsecount="0"/>
      <line num="129" count="13" type="stmt"/>
      <line num="130" count="13" type="stmt"/>
      <line num="131" count="22" type="cond" truecount="2" falsecount="0"/>
      <line num="132" count="1" type="stmt"/>
      <line num="135" count="21" type="cond" truecount="2" falsecount="0"/>
      <line num="136" count="12" type="stmt"/>
      <line num="141" count="53" type="stmt"/>
      <line num="142" count="53" type="stmt"/>
      <line num="148" count="45" type="cond" truecount="2" falsecount="0"/>
      <line num="149" count="1" type="stmt"/>
      <line num="153" count="3" type="stmt"/>
      <line num="158" count="4" type="stmt"/>
      <line num="159" count="4" type="stmt"/>
      <line num="161" count="4" type="cond" truecount="2" falsecount="0"/>
      <line num="162" count="1" type="stmt"/>
      <line num="165" count="4" type="stmt"/>
      <line num="166" count="146" type="cond" truecount="2" falsecount="0"/>
      <line num="168" count="3" type="stmt"/>
      <line num="170" count="146" type="stmt"/>
      <line num="174" count="4" type="cond" truecount="2" falsecount="0"/>
      <line num="175" count="3" type="stmt"/>
      <line num="177" count="1" type="stmt"/>
      <line num="181" count="6" type="stmt"/>
      <line num="182" count="6" type="stmt"/>
      <line num="183" count="51" type="stmt"/>
      <line num="184" count="51" type="stmt"/>
      <line num="185" count="408" type="stmt"/>
      <line num="187" count="51" type="stmt"/>
      <line num="189" count="6" type="stmt"/>
      <line num="193" count="4" type="stmt"/>
      <line num="196" count="4" type="cond" truecount="2" falsecount="0"/>
      <line num="197" count="1" type="stmt"/>
      <line num="201" count="3" type="stmt"/>
      <line num="202" count="3" type="stmt"/>
      <line num="203" count="3" type="cond" truecount="1" falsecount="1"/>
      <line num="204" count="3" type="stmt"/>
      <line num="207" count="3" type="stmt"/>
      <line num="217" count="7" type="stmt"/>
      <line num="218" count="7" type="stmt"/>
      <line num="219" count="5" type="stmt"/>
      <line num="221" count="5" type="stmt"/>
      <line num="223" count="2" type="stmt"/>
      <line num="225" count="2" type="stmt"/>
      <line num="230" count="1" type="stmt"/>
      <line num="233" count="1" type="stmt"/>
      <line num="234" count="0" type="cond" truecount="0" falsecount="2"/>
      <line num="235" count="0" type="stmt"/>
      <line num="237" count="0" type="stmt"/>
      <line num="241" count="1" type="stmt"/>
      <line num="246" count="1" type="stmt"/>
      <line num="252" count="3" type="stmt"/>
      <line num="263" count="2" type="stmt"/>
    </file>
    <file name="server.js" path="/Users/connoraird/Documents/Academy/mini-project/connect4/server/server.js">
      <metrics statements="139" coveredstatements="88" conditionals="48" coveredconditionals="35" methods="24" coveredmethods="10"/>
      <line num="1" count="2" type="stmt"/>
      <line num="2" count="2" type="stmt"/>
      <line num="3" count="2" type="stmt"/>
      <line num="5" count="2" type="stmt"/>
      <line num="7" count="2" type="stmt"/>
      <line num="9" count="2" type="stmt"/>
      <line num="11" count="2" type="stmt"/>
      <line num="13" count="9" type="stmt"/>
      <line num="15" count="9" type="stmt"/>
      <line num="17" count="9" type="cond" truecount="2" falsecount="0"/>
      <line num="18" count="3" type="stmt"/>
      <line num="21" count="6" type="stmt"/>
      <line num="24" count="2" type="stmt"/>
      <line num="25" count="0" type="stmt"/>
      <line num="26" count="0" type="stmt"/>
      <line num="28" count="0" type="stmt"/>
      <line num="29" count="0" type="cond" truecount="0" falsecount="2"/>
      <line num="30" count="0" type="stmt"/>
      <line num="32" count="0" type="stmt"/>
      <line num="34" count="0" type="stmt"/>
      <line num="37" count="0" type="stmt"/>
      <line num="42" count="2" type="stmt"/>
      <line num="43" count="6" type="stmt"/>
      <line num="46" count="6" type="cond" truecount="4" falsecount="0"/>
      <line num="47" count="1" type="stmt"/>
      <line num="48" count="1" type="stmt"/>
      <line num="52" count="5" type="stmt"/>
      <line num="57" count="5" type="cond" truecount="2" falsecount="0"/>
      <line num="58" count="1" type="stmt"/>
      <line num="59" count="1" type="stmt"/>
      <line num="62" count="4" type="stmt"/>
      <line num="65" count="4" type="cond" truecount="4" falsecount="0"/>
      <line num="66" count="1" type="stmt"/>
      <line num="67" count="1" type="stmt"/>
      <line num="68" count="3" type="cond" truecount="2" falsecount="0"/>
      <line num="69" count="1" type="stmt"/>
      <line num="70" count="1" type="stmt"/>
      <line num="73" count="2" type="stmt"/>
      <line num="75" count="2" type="stmt"/>
      <line num="76" count="2" type="cond" truecount="2" falsecount="0"/>
      <line num="77" count="1" type="stmt"/>
      <line num="80" count="2" type="cond" truecount="4" falsecount="0"/>
      <line num="81" count="1" type="stmt"/>
      <line num="82" count="1" type="stmt"/>
      <line num="84" count="1" type="stmt"/>
      <line num="87" count="2" type="stmt"/>
      <line num="91" count="2" type="stmt"/>
      <line num="92" count="2" type="stmt"/>
      <line num="93" count="2" type="stmt"/>
      <line num="95" count="2" type="stmt"/>
      <line num="96" count="2" type="stmt"/>
      <line num="97" count="1" type="stmt"/>
      <line num="98" count="1" type="stmt"/>
      <line num="99" count="1" type="stmt"/>
      <line num="100" count="1" type="stmt"/>
      <line num="102" count="1" type="stmt"/>
      <line num="107" count="2" type="stmt"/>
      <line num="108" count="9" type="stmt"/>
      <line num="109" count="9" type="stmt"/>
      <line num="110" count="9" type="stmt"/>
      <line num="111" count="9" type="stmt"/>
      <line num="112" count="9" type="stmt"/>
      <line num="113" count="9" type="stmt"/>
      <line num="115" count="9" type="cond" truecount="4" falsecount="0"/>
      <line num="116" count="2" type="stmt"/>
      <line num="117" count="2" type="stmt"/>
      <line num="120" count="7" type="cond" truecount="4" falsecount="0"/>
      <line num="121" count="2" type="stmt"/>
      <line num="122" count="2" type="stmt"/>
      <line num="125" count="5" type="cond" truecount="4" falsecount="0"/>
      <line num="126" count="2" type="stmt"/>
      <line num="127" count="2" type="stmt"/>
      <line num="130" count="3" type="stmt"/>
      <line num="133" count="3" type="stmt"/>
      <line num="134" count="3" type="stmt"/>
      <line num="137" count="3" type="stmt"/>
      <line num="139" count="3" type="cond" truecount="2" falsecount="0"/>
      <line num="140" count="1" type="stmt"/>
      <line num="142" count="1" type="stmt"/>
      <line num="143" count="1" type="stmt"/>
      <line num="146" count="2" type="stmt"/>
      <line num="148" count="2" type="stmt"/>
      <line num="149" count="2" type="stmt"/>
      <line num="150" count="2" type="stmt"/>
      <line num="152" count="2" type="stmt"/>
      <line num="155" count="3" type="stmt"/>
      <line num="161" count="3" type="stmt"/>
      <line num="165" count="2" type="stmt"/>
      <line num="166" count="1" type="stmt"/>
      <line num="167" count="1" type="stmt"/>
      <line num="168" count="0" type="stmt"/>
      <line num="169" count="0" type="stmt"/>
      <line num="170" count="1" type="stmt"/>
      <line num="174" count="2" type="stmt"/>
      <line num="175" count="0" type="stmt"/>
      <line num="176" count="0" type="stmt"/>
      <line num="177" count="0" type="stmt"/>
      <line num="179" count="0" type="stmt"/>
      <line num="180" count="0" type="stmt"/>
      <line num="183" count="0" type="stmt"/>
      <line num="184" count="0" type="stmt"/>
      <line num="185" count="0" type="cond" truecount="0" falsecount="2"/>
      <line num="186" count="0" type="stmt"/>
      <line num="188" count="0" type="cond" truecount="0" falsecount="2"/>
      <line num="189" count="0" type="stmt"/>
      <line num="190" count="0" type="cond" truecount="0" falsecount="2"/>
      <line num="191" count="0" type="stmt"/>
      <line num="194" count="0" type="stmt"/>
      <line num="195" count="0" type="stmt"/>
      <line num="200" count="2" type="stmt"/>
      <line num="201" count="0" type="stmt"/>
      <line num="202" count="0" type="stmt"/>
      <line num="204" count="0" type="stmt"/>
      <line num="205" count="0" type="stmt"/>
      <line num="206" count="0" type="stmt"/>
      <line num="209" count="0" type="stmt"/>
      <line num="210" count="0" type="stmt"/>
      <line num="211" count="0" type="stmt"/>
      <line num="212" count="0" type="cond" truecount="0" falsecount="2"/>
      <line num="213" count="0" type="stmt"/>
      <line num="222" count="0" type="stmt"/>
      <line num="234" count="2" type="stmt"/>
      <line num="237" count="0" type="stmt"/>
      <line num="238" count="0" type="stmt"/>
      <line num="239" count="0" type="stmt"/>
      <line num="240" count="0" type="stmt"/>
      <line num="243" count="0" type="stmt"/>
      <line num="246" count="0" type="stmt"/>
      <line num="249" count="0" type="cond" truecount="0" falsecount="2"/>
      <line num="250" count="0" type="stmt"/>
      <line num="251" count="0" type="stmt"/>
      <line num="252" count="0" type="stmt"/>
      <line num="254" count="0" type="stmt"/>
      <line num="257" count="0" type="stmt"/>
      <line num="263" count="0" type="stmt"/>
      <line num="266" count="2" type="cond" truecount="1" falsecount="1"/>
      <line num="267" count="0" type="stmt"/>
      <line num="268" count="0" type="stmt"/>
      <line num="273" count="2" type="stmt"/>
    </file>
  </project>
</coverage>
