{"/Users/connoraird/Documents/mini-project/connect4/server/connect4.js": {"path":"/Users/connoraird/Documents/mini-project/connect4/server/connect4.js","statementMap":{"0":{"start":{"line":1,"column":11},"end":{"line":1,"column":33}},"1":{"start":{"line":5,"column":2},"end":{"line":10,"column":3}},"2":{"start":{"line":5,"column":17},"end":{"line":5,"column":33}},"3":{"start":{"line":7,"column":4},"end":{"line":9,"column":5}},"4":{"start":{"line":8,"column":6},"end":{"line":8,"column":17}},"5":{"start":{"line":11,"column":2},"end":{"line":11,"column":14}},"6":{"start":{"line":15,"column":19},"end":{"line":15,"column":32}},"7":{"start":{"line":16,"column":2},"end":{"line":20,"column":3}},"8":{"start":{"line":16,"column":15},"end":{"line":16,"column":16}},"9":{"start":{"line":17,"column":4},"end":{"line":19,"column":5}},"10":{"start":{"line":17,"column":17},"end":{"line":17,"column":18}},"11":{"start":{"line":18,"column":6},"end":{"line":18,"column":28}},"12":{"start":{"line":21,"column":2},"end":{"line":21,"column":18}},"13":{"start":{"line":26,"column":15},"end":{"line":26,"column":19}},"14":{"start":{"line":27,"column":18},"end":{"line":27,"column":20}},"15":{"start":{"line":28,"column":21},"end":{"line":28,"column":23}},"16":{"start":{"line":30,"column":2},"end":{"line":33,"column":3}},"17":{"start":{"line":30,"column":15},"end":{"line":30,"column":16}},"18":{"start":{"line":31,"column":4},"end":{"line":31,"column":32}},"19":{"start":{"line":32,"column":4},"end":{"line":32,"column":38}},"20":{"start":{"line":37,"column":2},"end":{"line":60,"column":13}},"21":{"start":{"line":38,"column":18},"end":{"line":43,"column":10}},"22":{"start":{"line":39,"column":6},"end":{"line":41,"column":7}},"23":{"start":{"line":40,"column":8},"end":{"line":40,"column":28}},"24":{"start":{"line":42,"column":6},"end":{"line":42,"column":37}},"25":{"start":{"line":47,"column":23},"end":{"line":47,"column":27}},"26":{"start":{"line":49,"column":6},"end":{"line":57,"column":7}},"27":{"start":{"line":51,"column":8},"end":{"line":55,"column":9}},"28":{"start":{"line":52,"column":10},"end":{"line":52,"column":29}},"29":{"start":{"line":53,"column":15},"end":{"line":55,"column":9}},"30":{"start":{"line":54,"column":10},"end":{"line":54,"column":32}},"31":{"start":{"line":56,"column":8},"end":{"line":56,"column":26}},"32":{"start":{"line":59,"column":6},"end":{"line":59,"column":20}},"33":{"start":{"line":62,"column":2},"end":{"line":64,"column":3}},"34":{"start":{"line":63,"column":4},"end":{"line":63,"column":18}},"35":{"start":{"line":66,"column":2},"end":{"line":66,"column":16}},"36":{"start":{"line":70,"column":14},"end":{"line":70,"column":15}},"37":{"start":{"line":71,"column":19},"end":{"line":71,"column":21}},"38":{"start":{"line":72,"column":2},"end":{"line":79,"column":5}},"39":{"start":{"line":73,"column":19},"end":{"line":73,"column":42}},"40":{"start":{"line":74,"column":4},"end":{"line":76,"column":5}},"41":{"start":{"line":75,"column":6},"end":{"line":75,"column":24}},"42":{"start":{"line":77,"column":4},"end":{"line":77,"column":42}},"43":{"start":{"line":78,"column":4},"end":{"line":78,"column":15}},"44":{"start":{"line":82,"column":2},"end":{"line":103,"column":13}},"45":{"start":{"line":83,"column":21},"end":{"line":88,"column":10}},"46":{"start":{"line":84,"column":6},"end":{"line":86,"column":7}},"47":{"start":{"line":85,"column":8},"end":{"line":85,"column":28}},"48":{"start":{"line":87,"column":6},"end":{"line":87,"column":34}},"49":{"start":{"line":90,"column":23},"end":{"line":90,"column":27}},"50":{"start":{"line":92,"column":6},"end":{"line":100,"column":7}},"51":{"start":{"line":94,"column":8},"end":{"line":98,"column":9}},"52":{"start":{"line":95,"column":10},"end":{"line":95,"column":29}},"53":{"start":{"line":96,"column":15},"end":{"line":98,"column":9}},"54":{"start":{"line":97,"column":10},"end":{"line":97,"column":32}},"55":{"start":{"line":99,"column":8},"end":{"line":99,"column":26}},"56":{"start":{"line":102,"column":6},"end":{"line":102,"column":20}},"57":{"start":{"line":105,"column":2},"end":{"line":107,"column":3}},"58":{"start":{"line":106,"column":4},"end":{"line":106,"column":18}},"59":{"start":{"line":109,"column":2},"end":{"line":109,"column":16}},"60":{"start":{"line":113,"column":2},"end":{"line":149,"column":3}},"61":{"start":{"line":113,"column":17},"end":{"line":113,"column":18}},"62":{"start":{"line":114,"column":22},"end":{"line":114,"column":23}},"63":{"start":{"line":115,"column":23},"end":{"line":115,"column":42}},"64":{"start":{"line":117,"column":4},"end":{"line":148,"column":5}},"65":{"start":{"line":117,"column":22},"end":{"line":117,"column":23}},"66":{"start":{"line":120,"column":6},"end":{"line":131,"column":7}},"67":{"start":{"line":121,"column":8},"end":{"line":121,"column":41}},"68":{"start":{"line":122,"column":8},"end":{"line":130,"column":9}},"69":{"start":{"line":122,"column":21},"end":{"line":122,"column":22}},"70":{"start":{"line":123,"column":10},"end":{"line":125,"column":11}},"71":{"start":{"line":124,"column":12},"end":{"line":124,"column":26}},"72":{"start":{"line":127,"column":10},"end":{"line":129,"column":11}},"73":{"start":{"line":128,"column":12},"end":{"line":128,"column":18}},"74":{"start":{"line":133,"column":6},"end":{"line":144,"column":7}},"75":{"start":{"line":134,"column":8},"end":{"line":134,"column":42}},"76":{"start":{"line":135,"column":8},"end":{"line":143,"column":9}},"77":{"start":{"line":135,"column":21},"end":{"line":135,"column":22}},"78":{"start":{"line":136,"column":10},"end":{"line":138,"column":11}},"79":{"start":{"line":137,"column":12},"end":{"line":137,"column":26}},"80":{"start":{"line":140,"column":10},"end":{"line":142,"column":11}},"81":{"start":{"line":141,"column":12},"end":{"line":141,"column":18}},"82":{"start":{"line":146,"column":6},"end":{"line":146,"column":23}},"83":{"start":{"line":147,"column":6},"end":{"line":147,"column":24}},"84":{"start":{"line":153,"column":2},"end":{"line":155,"column":3}},"85":{"start":{"line":153,"column":27},"end":{"line":153,"column":61}},"86":{"start":{"line":153,"column":47},"end":{"line":153,"column":60}},"87":{"start":{"line":154,"column":4},"end":{"line":154,"column":20}},"88":{"start":{"line":158,"column":2},"end":{"line":158,"column":14}},"89":{"start":{"line":163,"column":20},"end":{"line":163,"column":32}},"90":{"start":{"line":164,"column":20},"end":{"line":164,"column":28}},"91":{"start":{"line":166,"column":2},"end":{"line":168,"column":3}},"92":{"start":{"line":167,"column":4},"end":{"line":167,"column":24}},"93":{"start":{"line":170,"column":19},"end":{"line":176,"column":7}},"94":{"start":{"line":171,"column":4},"end":{"line":174,"column":5}},"95":{"start":{"line":173,"column":6},"end":{"line":173,"column":15}},"96":{"start":{"line":175,"column":4},"end":{"line":175,"column":15}},"97":{"start":{"line":179,"column":2},"end":{"line":181,"column":3}},"98":{"start":{"line":180,"column":4},"end":{"line":180,"column":19}},"99":{"start":{"line":182,"column":2},"end":{"line":182,"column":21}},"100":{"start":{"line":186,"column":19},"end":{"line":186,"column":21}},"101":{"start":{"line":187,"column":2},"end":{"line":193,"column":3}},"102":{"start":{"line":187,"column":15},"end":{"line":187,"column":16}},"103":{"start":{"line":188,"column":19},"end":{"line":188,"column":21}},"104":{"start":{"line":189,"column":4},"end":{"line":191,"column":5}},"105":{"start":{"line":189,"column":17},"end":{"line":189,"column":18}},"106":{"start":{"line":190,"column":6},"end":{"line":190,"column":24}},"107":{"start":{"line":192,"column":4},"end":{"line":192,"column":26}},"108":{"start":{"line":194,"column":2},"end":{"line":194,"column":18}},"109":{"start":{"line":198,"column":22},"end":{"line":198,"column":40}},"110":{"start":{"line":200,"column":2},"end":{"line":205,"column":5}},"111":{"start":{"line":201,"column":18},"end":{"line":201,"column":43}},"112":{"start":{"line":202,"column":4},"end":{"line":204,"column":5}},"113":{"start":{"line":203,"column":6},"end":{"line":203,"column":49}},"114":{"start":{"line":206,"column":2},"end":{"line":210,"column":4}},"115":{"start":{"line":215,"column":2},"end":{"line":230,"column":3}},"116":{"start":{"line":216,"column":4},"end":{"line":216,"column":41}},"117":{"start":{"line":218,"column":19},"end":{"line":219,"column":47}},"118":{"start":{"line":219,"column":26},"end":{"line":219,"column":46}},"119":{"start":{"line":221,"column":4},"end":{"line":221,"column":18}},"120":{"start":{"line":224,"column":4},"end":{"line":228,"column":6}},"121":{"start":{"line":229,"column":4},"end":{"line":229,"column":14}},"122":{"start":{"line":234,"column":2},"end":{"line":241,"column":4}},"123":{"start":{"line":246,"column":22},"end":{"line":246,"column":38}},"124":{"start":{"line":247,"column":2},"end":{"line":259,"column":7}},"125":{"start":{"line":249,"column":22},"end":{"line":249,"column":33}},"126":{"start":{"line":250,"column":6},"end":{"line":254,"column":7}},"127":{"start":{"line":251,"column":8},"end":{"line":251,"column":39}},"128":{"start":{"line":253,"column":8},"end":{"line":253,"column":36}},"129":{"start":{"line":255,"column":6},"end":{"line":255,"column":21}},"130":{"start":{"line":258,"column":6},"end":{"line":258,"column":52}},"131":{"start":{"line":263,"column":0},"end":{"line":274,"column":2}}},"fnMap":{"0":{"name":"placeCounter","decl":{"start":{"line":3,"column":9},"end":{"line":3,"column":21}},"loc":{"start":{"line":3,"column":37},"end":{"line":12,"column":1}},"line":3},"1":{"name":"cleanBoard","decl":{"start":{"line":14,"column":9},"end":{"line":14,"column":19}},"loc":{"start":{"line":14,"column":27},"end":{"line":22,"column":1}},"line":14},"2":{"name":"checkWinner","decl":{"start":{"line":24,"column":9},"end":{"line":24,"column":20}},"loc":{"start":{"line":24,"column":36},"end":{"line":159,"column":1}},"line":24},"3":{"name":"(anonymous_3)","decl":{"start":{"line":38,"column":9},"end":{"line":38,"column":10}},"loc":{"start":{"line":38,"column":18},"end":{"line":43,"column":10}},"line":38},"4":{"name":"(anonymous_4)","decl":{"start":{"line":38,"column":29},"end":{"line":38,"column":30}},"loc":{"start":{"line":38,"column":49},"end":{"line":43,"column":5}},"line":38},"5":{"name":"(anonymous_5)","decl":{"start":{"line":45,"column":12},"end":{"line":45,"column":13}},"loc":{"start":{"line":45,"column":29},"end":{"line":60,"column":5}},"line":45},"6":{"name":"(anonymous_6)","decl":{"start":{"line":72,"column":23},"end":{"line":72,"column":24}},"loc":{"start":{"line":72,"column":35},"end":{"line":79,"column":3}},"line":72},"7":{"name":"(anonymous_7)","decl":{"start":{"line":83,"column":9},"end":{"line":83,"column":10}},"loc":{"start":{"line":83,"column":21},"end":{"line":88,"column":10}},"line":83},"8":{"name":"(anonymous_8)","decl":{"start":{"line":83,"column":35},"end":{"line":83,"column":36}},"loc":{"start":{"line":83,"column":52},"end":{"line":88,"column":5}},"line":83},"9":{"name":"(anonymous_9)","decl":{"start":{"line":89,"column":12},"end":{"line":89,"column":13}},"loc":{"start":{"line":89,"column":32},"end":{"line":103,"column":5}},"line":89},"10":{"name":"(anonymous_10)","decl":{"start":{"line":153,"column":18},"end":{"line":153,"column":19}},"loc":{"start":{"line":153,"column":27},"end":{"line":153,"column":61}},"line":153},"11":{"name":"(anonymous_11)","decl":{"start":{"line":153,"column":37},"end":{"line":153,"column":38}},"loc":{"start":{"line":153,"column":47},"end":{"line":153,"column":60}},"line":153},"12":{"name":"getCurrentPlayer","decl":{"start":{"line":161,"column":9},"end":{"line":161,"column":25}},"loc":{"start":{"line":161,"column":42},"end":{"line":183,"column":1}},"line":161},"13":{"name":"(anonymous_13)","decl":{"start":{"line":170,"column":36},"end":{"line":170,"column":37}},"loc":{"start":{"line":170,"column":51},"end":{"line":176,"column":3}},"line":170},"14":{"name":"createDataBoard","decl":{"start":{"line":185,"column":9},"end":{"line":185,"column":24}},"loc":{"start":{"line":185,"column":40},"end":{"line":195,"column":1}},"line":185},"15":{"name":"updateDataFile","decl":{"start":{"line":197,"column":9},"end":{"line":197,"column":23}},"loc":{"start":{"line":197,"column":57},"end":{"line":211,"column":1}},"line":197},"16":{"name":"(anonymous_16)","decl":{"start":{"line":200,"column":22},"end":{"line":200,"column":23}},"loc":{"start":{"line":200,"column":32},"end":{"line":205,"column":3}},"line":200},"17":{"name":"getGames","decl":{"start":{"line":214,"column":15},"end":{"line":214,"column":23}},"loc":{"start":{"line":214,"column":26},"end":{"line":231,"column":1}},"line":214},"18":{"name":"(anonymous_18)","decl":{"start":{"line":219,"column":12},"end":{"line":219,"column":13}},"loc":{"start":{"line":219,"column":26},"end":{"line":219,"column":46}},"line":219},"19":{"name":"newGameState","decl":{"start":{"line":233,"column":9},"end":{"line":233,"column":21}},"loc":{"start":{"line":233,"column":51},"end":{"line":242,"column":1}},"line":233},"20":{"name":"swapFirstPlayer","decl":{"start":{"line":245,"column":15},"end":{"line":245,"column":30}},"loc":{"start":{"line":245,"column":35},"end":{"line":260,"column":1}},"line":245},"21":{"name":"(anonymous_21)","decl":{"start":{"line":248,"column":10},"end":{"line":248,"column":11}},"loc":{"start":{"line":248,"column":20},"end":{"line":256,"column":5}},"line":248},"22":{"name":"(anonymous_22)","decl":{"start":{"line":257,"column":10},"end":{"line":257,"column":11}},"loc":{"start":{"line":257,"column":28},"end":{"line":259,"column":5}},"line":257}},"branchMap":{"0":{"loc":{"start":{"line":7,"column":4},"end":{"line":9,"column":5}},"type":"if","locations":[{"start":{"line":7,"column":4},"end":{"line":9,"column":5}},{"start":{"line":7,"column":4},"end":{"line":9,"column":5}}],"line":7},"1":{"loc":{"start":{"line":39,"column":6},"end":{"line":41,"column":7}},"type":"if","locations":[{"start":{"line":39,"column":6},"end":{"line":41,"column":7}},{"start":{"line":39,"column":6},"end":{"line":41,"column":7}}],"line":39},"2":{"loc":{"start":{"line":49,"column":6},"end":{"line":57,"column":7}},"type":"if","locations":[{"start":{"line":49,"column":6},"end":{"line":57,"column":7}},{"start":{"line":49,"column":6},"end":{"line":57,"column":7}}],"line":49},"3":{"loc":{"start":{"line":51,"column":8},"end":{"line":55,"column":9}},"type":"if","locations":[{"start":{"line":51,"column":8},"end":{"line":55,"column":9}},{"start":{"line":51,"column":8},"end":{"line":55,"column":9}}],"line":51},"4":{"loc":{"start":{"line":53,"column":15},"end":{"line":55,"column":9}},"type":"if","locations":[{"start":{"line":53,"column":15},"end":{"line":55,"column":9}},{"start":{"line":53,"column":15},"end":{"line":55,"column":9}}],"line":53},"5":{"loc":{"start":{"line":62,"column":2},"end":{"line":64,"column":3}},"type":"if","locations":[{"start":{"line":62,"column":2},"end":{"line":64,"column":3}},{"start":{"line":62,"column":2},"end":{"line":64,"column":3}}],"line":62},"6":{"loc":{"start":{"line":74,"column":4},"end":{"line":76,"column":5}},"type":"if","locations":[{"start":{"line":74,"column":4},"end":{"line":76,"column":5}},{"start":{"line":74,"column":4},"end":{"line":76,"column":5}}],"line":74},"7":{"loc":{"start":{"line":84,"column":6},"end":{"line":86,"column":7}},"type":"if","locations":[{"start":{"line":84,"column":6},"end":{"line":86,"column":7}},{"start":{"line":84,"column":6},"end":{"line":86,"column":7}}],"line":84},"8":{"loc":{"start":{"line":92,"column":6},"end":{"line":100,"column":7}},"type":"if","locations":[{"start":{"line":92,"column":6},"end":{"line":100,"column":7}},{"start":{"line":92,"column":6},"end":{"line":100,"column":7}}],"line":92},"9":{"loc":{"start":{"line":94,"column":8},"end":{"line":98,"column":9}},"type":"if","locations":[{"start":{"line":94,"column":8},"end":{"line":98,"column":9}},{"start":{"line":94,"column":8},"end":{"line":98,"column":9}}],"line":94},"10":{"loc":{"start":{"line":96,"column":15},"end":{"line":98,"column":9}},"type":"if","locations":[{"start":{"line":96,"column":15},"end":{"line":98,"column":9}},{"start":{"line":96,"column":15},"end":{"line":98,"column":9}}],"line":96},"11":{"loc":{"start":{"line":105,"column":2},"end":{"line":107,"column":3}},"type":"if","locations":[{"start":{"line":105,"column":2},"end":{"line":107,"column":3}},{"start":{"line":105,"column":2},"end":{"line":107,"column":3}}],"line":105},"12":{"loc":{"start":{"line":120,"column":6},"end":{"line":131,"column":7}},"type":"if","locations":[{"start":{"line":120,"column":6},"end":{"line":131,"column":7}},{"start":{"line":120,"column":6},"end":{"line":131,"column":7}}],"line":120},"13":{"loc":{"start":{"line":123,"column":10},"end":{"line":125,"column":11}},"type":"if","locations":[{"start":{"line":123,"column":10},"end":{"line":125,"column":11}},{"start":{"line":123,"column":10},"end":{"line":125,"column":11}}],"line":123},"14":{"loc":{"start":{"line":127,"column":10},"end":{"line":129,"column":11}},"type":"if","locations":[{"start":{"line":127,"column":10},"end":{"line":129,"column":11}},{"start":{"line":127,"column":10},"end":{"line":129,"column":11}}],"line":127},"15":{"loc":{"start":{"line":133,"column":6},"end":{"line":144,"column":7}},"type":"if","locations":[{"start":{"line":133,"column":6},"end":{"line":144,"column":7}},{"start":{"line":133,"column":6},"end":{"line":144,"column":7}}],"line":133},"16":{"loc":{"start":{"line":136,"column":10},"end":{"line":138,"column":11}},"type":"if","locations":[{"start":{"line":136,"column":10},"end":{"line":138,"column":11}},{"start":{"line":136,"column":10},"end":{"line":138,"column":11}}],"line":136},"17":{"loc":{"start":{"line":140,"column":10},"end":{"line":142,"column":11}},"type":"if","locations":[{"start":{"line":140,"column":10},"end":{"line":142,"column":11}},{"start":{"line":140,"column":10},"end":{"line":142,"column":11}}],"line":140},"18":{"loc":{"start":{"line":153,"column":2},"end":{"line":155,"column":3}},"type":"if","locations":[{"start":{"line":153,"column":2},"end":{"line":155,"column":3}},{"start":{"line":153,"column":2},"end":{"line":155,"column":3}}],"line":153},"19":{"loc":{"start":{"line":166,"column":2},"end":{"line":168,"column":3}},"type":"if","locations":[{"start":{"line":166,"column":2},"end":{"line":168,"column":3}},{"start":{"line":166,"column":2},"end":{"line":168,"column":3}}],"line":166},"20":{"loc":{"start":{"line":171,"column":4},"end":{"line":174,"column":5}},"type":"if","locations":[{"start":{"line":171,"column":4},"end":{"line":174,"column":5}},{"start":{"line":171,"column":4},"end":{"line":174,"column":5}}],"line":171},"21":{"loc":{"start":{"line":179,"column":2},"end":{"line":181,"column":3}},"type":"if","locations":[{"start":{"line":179,"column":2},"end":{"line":181,"column":3}},{"start":{"line":179,"column":2},"end":{"line":181,"column":3}}],"line":179},"22":{"loc":{"start":{"line":202,"column":4},"end":{"line":204,"column":5}},"type":"if","locations":[{"start":{"line":202,"column":4},"end":{"line":204,"column":5}},{"start":{"line":202,"column":4},"end":{"line":204,"column":5}}],"line":202},"23":{"loc":{"start":{"line":250,"column":6},"end":{"line":254,"column":7}},"type":"if","locations":[{"start":{"line":250,"column":6},"end":{"line":254,"column":7}},{"start":{"line":250,"column":6},"end":{"line":254,"column":7}}],"line":250}},"s":{"0":2,"1":4,"2":4,"3":10,"4":3,"5":1,"6":2,"7":2,"8":2,"9":26,"10":26,"11":242,"12":2,"13":7,"14":7,"15":7,"16":7,"17":7,"18":29,"19":29,"20":7,"21":42,"22":294,"23":218,"24":76,"25":42,"26":42,"27":42,"28":1,"29":41,"30":0,"31":42,"32":0,"33":7,"34":1,"35":6,"36":6,"37":6,"38":6,"39":252,"40":252,"41":42,"42":252,"43":252,"44":6,"45":42,"46":252,"47":0,"48":252,"49":42,"50":42,"51":36,"52":1,"53":35,"54":0,"55":36,"56":6,"57":6,"58":1,"59":5,"60":5,"61":5,"62":14,"63":14,"64":14,"65":14,"66":54,"67":13,"68":13,"69":13,"70":19,"71":0,"72":19,"73":13,"74":54,"75":13,"76":13,"77":13,"78":22,"79":1,"80":21,"81":12,"82":53,"83":53,"84":4,"85":9,"86":45,"87":1,"88":3,"89":3,"90":3,"91":3,"92":1,"93":3,"94":104,"95":3,"96":104,"97":3,"98":2,"99":1,"100":0,"101":0,"102":0,"103":0,"104":0,"105":0,"106":0,"107":0,"108":0,"109":0,"110":0,"111":0,"112":0,"113":0,"114":0,"115":2,"116":2,"117":0,"118":0,"119":0,"120":0,"121":0,"122":0,"123":0,"124":0,"125":0,"126":0,"127":0,"128":0,"129":0,"130":0,"131":2},"f":{"0":4,"1":2,"2":7,"3":42,"4":294,"5":42,"6":252,"7":42,"8":252,"9":42,"10":9,"11":45,"12":3,"13":104,"14":0,"15":0,"16":0,"17":2,"18":0,"19":0,"20":0,"21":0,"22":0},"b":{"0":[3,7],"1":[218,76],"2":[42,0],"3":[1,41],"4":[0,41],"5":[1,6],"6":[42,210],"7":[0,252],"8":[36,6],"9":[1,35],"10":[0,35],"11":[1,5],"12":[13,41],"13":[0,19],"14":[13,6],"15":[13,41],"16":[1,21],"17":[12,9],"18":[1,3],"19":[1,2],"20":[3,101],"21":[2,1],"22":[0,0],"23":[0,0]},"_coverageSchema":"1a1c01bbd47fc00a2c39e90264f33305004495a9","hash":"71b89d1c6e0a198bcb1e5f04685a047bb64ef98c"}
,"/Users/connoraird/Documents/mini-project/connect4/server/server.js": {"path":"/Users/connoraird/Documents/mini-project/connect4/server/server.js","statementMap":{"0":{"start":{"line":1,"column":16},"end":{"line":1,"column":34}},"1":{"start":{"line":2,"column":11},"end":{"line":2,"column":33}},"2":{"start":{"line":3,"column":11},"end":{"line":3,"column":35}},"3":{"start":{"line":5,"column":12},"end":{"line":5,"column":21}},"4":{"start":{"line":7,"column":0},"end":{"line":7,"column":36}},"5":{"start":{"line":9,"column":19},"end":{"line":20,"column":1}},"6":{"start":{"line":11,"column":22},"end":{"line":11,"column":41}},"7":{"start":{"line":13,"column":25},"end":{"line":13,"column":69}},"8":{"start":{"line":13,"column":54},"end":{"line":13,"column":68}},"9":{"start":{"line":15,"column":2},"end":{"line":17,"column":3}},"10":{"start":{"line":16,"column":4},"end":{"line":16,"column":47}},"11":{"start":{"line":19,"column":2},"end":{"line":19,"column":27}},"12":{"start":{"line":23,"column":0},"end":{"line":44,"column":3}},"13":{"start":{"line":24,"column":25},"end":{"line":24,"column":35}},"14":{"start":{"line":26,"column":22},"end":{"line":26,"column":41}},"15":{"start":{"line":27,"column":25},"end":{"line":27,"column":45}},"16":{"start":{"line":29,"column":14},"end":{"line":29,"column":59}},"17":{"start":{"line":31,"column":13},"end":{"line":31,"column":18}},"18":{"start":{"line":32,"column":2},"end":{"line":34,"column":3}},"19":{"start":{"line":33,"column":4},"end":{"line":33,"column":16}},"20":{"start":{"line":36,"column":2},"end":{"line":41,"column":3}},"21":{"start":{"line":37,"column":19},"end":{"line":37,"column":88}},"22":{"start":{"line":38,"column":4},"end":{"line":38,"column":47}},"23":{"start":{"line":40,"column":4},"end":{"line":40,"column":55}},"24":{"start":{"line":43,"column":2},"end":{"line":43,"column":21}},"25":{"start":{"line":47,"column":0},"end":{"line":58,"column":3}},"26":{"start":{"line":48,"column":17},"end":{"line":48,"column":27}},"27":{"start":{"line":50,"column":22},"end":{"line":50,"column":41}},"28":{"start":{"line":51,"column":25},"end":{"line":51,"column":45}},"29":{"start":{"line":53,"column":2},"end":{"line":53,"column":61}},"30":{"start":{"line":55,"column":2},"end":{"line":55,"column":47}},"31":{"start":{"line":57,"column":2},"end":{"line":57,"column":40}},"32":{"start":{"line":61,"column":0},"end":{"line":101,"column":3}},"33":{"start":{"line":62,"column":16},"end":{"line":62,"column":18}},"34":{"start":{"line":63,"column":19},"end":{"line":63,"column":21}},"35":{"start":{"line":64,"column":19},"end":{"line":64,"column":29}},"36":{"start":{"line":65,"column":22},"end":{"line":65,"column":32}},"37":{"start":{"line":66,"column":17},"end":{"line":66,"column":27}},"38":{"start":{"line":67,"column":20},"end":{"line":67,"column":37}},"39":{"start":{"line":69,"column":19},"end":{"line":69,"column":52}},"40":{"start":{"line":72,"column":22},"end":{"line":72,"column":41}},"41":{"start":{"line":75,"column":25},"end":{"line":75,"column":71}},"42":{"start":{"line":75,"column":55},"end":{"line":75,"column":70}},"43":{"start":{"line":77,"column":2},"end":{"line":91,"column":3}},"44":{"start":{"line":78,"column":4},"end":{"line":78,"column":51}},"45":{"start":{"line":80,"column":4},"end":{"line":80,"column":33}},"46":{"start":{"line":81,"column":4},"end":{"line":81,"column":29}},"47":{"start":{"line":84,"column":4},"end":{"line":84,"column":64}},"48":{"start":{"line":84,"column":47},"end":{"line":84,"column":62}},"49":{"start":{"line":86,"column":4},"end":{"line":86,"column":32}},"50":{"start":{"line":87,"column":4},"end":{"line":87,"column":29}},"51":{"start":{"line":88,"column":4},"end":{"line":88,"column":31}},"52":{"start":{"line":90,"column":4},"end":{"line":90,"column":32}},"53":{"start":{"line":93,"column":2},"end":{"line":97,"column":4}},"54":{"start":{"line":100,"column":2},"end":{"line":100,"column":21}},"55":{"start":{"line":104,"column":0},"end":{"line":110,"column":3}},"56":{"start":{"line":105,"column":17},"end":{"line":105,"column":27}},"57":{"start":{"line":106,"column":2},"end":{"line":109,"column":35}},"58":{"start":{"line":107,"column":30},"end":{"line":107,"column":99}},"59":{"start":{"line":108,"column":22},"end":{"line":108,"column":40}},"60":{"start":{"line":109,"column":20},"end":{"line":109,"column":33}},"61":{"start":{"line":113,"column":0},"end":{"line":136,"column":3}},"62":{"start":{"line":114,"column":17},"end":{"line":114,"column":27}},"63":{"start":{"line":115,"column":22},"end":{"line":115,"column":41}},"64":{"start":{"line":116,"column":2},"end":{"line":135,"column":7}},"65":{"start":{"line":118,"column":21},"end":{"line":118,"column":80}},"66":{"start":{"line":119,"column":6},"end":{"line":119,"column":38}},"67":{"start":{"line":122,"column":21},"end":{"line":122,"column":30}},"68":{"start":{"line":123,"column":29},"end":{"line":123,"column":38}},"69":{"start":{"line":124,"column":6},"end":{"line":132,"column":7}},"70":{"start":{"line":125,"column":8},"end":{"line":125,"column":31}},"71":{"start":{"line":127,"column":8},"end":{"line":131,"column":9}},"72":{"start":{"line":128,"column":10},"end":{"line":128,"column":39}},"73":{"start":{"line":129,"column":15},"end":{"line":131,"column":9}},"74":{"start":{"line":130,"column":10},"end":{"line":130,"column":42}},"75":{"start":{"line":133,"column":6},"end":{"line":133,"column":57}},"76":{"start":{"line":134,"column":6},"end":{"line":134,"column":25}},"77":{"start":{"line":139,"column":0},"end":{"line":171,"column":3}},"78":{"start":{"line":140,"column":17},"end":{"line":140,"column":27}},"79":{"start":{"line":141,"column":2},"end":{"line":170,"column":7}},"80":{"start":{"line":143,"column":21},"end":{"line":143,"column":90}},"81":{"start":{"line":144,"column":21},"end":{"line":144,"column":80}},"82":{"start":{"line":145,"column":6},"end":{"line":145,"column":46}},"83":{"start":{"line":148,"column":21},"end":{"line":148,"column":30}},"84":{"start":{"line":149,"column":21},"end":{"line":149,"column":30}},"85":{"start":{"line":150,"column":29},"end":{"line":150,"column":38}},"86":{"start":{"line":151,"column":6},"end":{"line":169,"column":7}},"87":{"start":{"line":152,"column":8},"end":{"line":159,"column":12}},"88":{"start":{"line":161,"column":8},"end":{"line":168,"column":12}},"89":{"start":{"line":173,"column":0},"end":{"line":203,"column":3}},"90":{"start":{"line":176,"column":17},"end":{"line":176,"column":27}},"91":{"start":{"line":177,"column":15},"end":{"line":177,"column":16}},"92":{"start":{"line":178,"column":18},"end":{"line":178,"column":19}},"93":{"start":{"line":179,"column":16},"end":{"line":179,"column":18}},"94":{"start":{"line":182,"column":22},"end":{"line":182,"column":41}},"95":{"start":{"line":185,"column":25},"end":{"line":185,"column":69}},"96":{"start":{"line":185,"column":54},"end":{"line":185,"column":68}},"97":{"start":{"line":188,"column":2},"end":{"line":194,"column":3}},"98":{"start":{"line":189,"column":21},"end":{"line":189,"column":54}},"99":{"start":{"line":190,"column":4},"end":{"line":190,"column":47}},"100":{"start":{"line":191,"column":4},"end":{"line":191,"column":33}},"101":{"start":{"line":193,"column":4},"end":{"line":193,"column":32}},"102":{"start":{"line":196,"column":2},"end":{"line":200,"column":4}},"103":{"start":{"line":202,"column":2},"end":{"line":202,"column":20}},"104":{"start":{"line":205,"column":0},"end":{"line":205,"column":17}},"105":{"start":{"line":207,"column":0},"end":{"line":210,"column":2}}},"fnMap":{"0":{"name":"(anonymous_0)","decl":{"start":{"line":9,"column":19},"end":{"line":9,"column":20}},"loc":{"start":{"line":9,"column":33},"end":{"line":20,"column":1}},"line":9},"1":{"name":"(anonymous_1)","decl":{"start":{"line":13,"column":44},"end":{"line":13,"column":45}},"loc":{"start":{"line":13,"column":54},"end":{"line":13,"column":68}},"line":13},"2":{"name":"(anonymous_2)","decl":{"start":{"line":23,"column":37},"end":{"line":23,"column":38}},"loc":{"start":{"line":23,"column":57},"end":{"line":44,"column":1}},"line":23},"3":{"name":"(anonymous_3)","decl":{"start":{"line":47,"column":22},"end":{"line":47,"column":23}},"loc":{"start":{"line":47,"column":42},"end":{"line":58,"column":1}},"line":47},"4":{"name":"(anonymous_4)","decl":{"start":{"line":61,"column":48},"end":{"line":61,"column":49}},"loc":{"start":{"line":61,"column":68},"end":{"line":101,"column":1}},"line":61},"5":{"name":"(anonymous_5)","decl":{"start":{"line":75,"column":44},"end":{"line":75,"column":45}},"loc":{"start":{"line":75,"column":55},"end":{"line":75,"column":70}},"line":75},"6":{"name":"(anonymous_6)","decl":{"start":{"line":84,"column":36},"end":{"line":84,"column":37}},"loc":{"start":{"line":84,"column":47},"end":{"line":84,"column":62}},"line":84},"7":{"name":"(anonymous_7)","decl":{"start":{"line":104,"column":30},"end":{"line":104,"column":31}},"loc":{"start":{"line":104,"column":44},"end":{"line":110,"column":1}},"line":104},"8":{"name":"(anonymous_8)","decl":{"start":{"line":107,"column":10},"end":{"line":107,"column":11}},"loc":{"start":{"line":107,"column":30},"end":{"line":107,"column":99}},"line":107},"9":{"name":"(anonymous_9)","decl":{"start":{"line":108,"column":10},"end":{"line":108,"column":11}},"loc":{"start":{"line":108,"column":22},"end":{"line":108,"column":40}},"line":108},"10":{"name":"(anonymous_10)","decl":{"start":{"line":109,"column":11},"end":{"line":109,"column":12}},"loc":{"start":{"line":109,"column":20},"end":{"line":109,"column":33}},"line":109},"11":{"name":"(anonymous_11)","decl":{"start":{"line":113,"column":23},"end":{"line":113,"column":24}},"loc":{"start":{"line":113,"column":43},"end":{"line":136,"column":1}},"line":113},"12":{"name":"(anonymous_12)","decl":{"start":{"line":117,"column":10},"end":{"line":117,"column":11}},"loc":{"start":{"line":117,"column":30},"end":{"line":120,"column":5}},"line":117},"13":{"name":"(anonymous_13)","decl":{"start":{"line":121,"column":10},"end":{"line":121,"column":11}},"loc":{"start":{"line":121,"column":22},"end":{"line":135,"column":5}},"line":121},"14":{"name":"(anonymous_14)","decl":{"start":{"line":139,"column":25},"end":{"line":139,"column":26}},"loc":{"start":{"line":139,"column":39},"end":{"line":171,"column":1}},"line":139},"15":{"name":"(anonymous_15)","decl":{"start":{"line":142,"column":10},"end":{"line":142,"column":11}},"loc":{"start":{"line":142,"column":30},"end":{"line":146,"column":5}},"line":142},"16":{"name":"(anonymous_16)","decl":{"start":{"line":147,"column":10},"end":{"line":147,"column":11}},"loc":{"start":{"line":147,"column":22},"end":{"line":170,"column":5}},"line":147},"17":{"name":"(anonymous_17)","decl":{"start":{"line":173,"column":26},"end":{"line":173,"column":27}},"loc":{"start":{"line":173,"column":46},"end":{"line":203,"column":1}},"line":173},"18":{"name":"(anonymous_18)","decl":{"start":{"line":185,"column":44},"end":{"line":185,"column":45}},"loc":{"start":{"line":185,"column":54},"end":{"line":185,"column":68}},"line":185}},"branchMap":{"0":{"loc":{"start":{"line":15,"column":2},"end":{"line":17,"column":3}},"type":"if","locations":[{"start":{"line":15,"column":2},"end":{"line":17,"column":3}},{"start":{"line":15,"column":2},"end":{"line":17,"column":3}}],"line":15},"1":{"loc":{"start":{"line":32,"column":2},"end":{"line":34,"column":3}},"type":"if","locations":[{"start":{"line":32,"column":2},"end":{"line":34,"column":3}},{"start":{"line":32,"column":2},"end":{"line":34,"column":3}}],"line":32},"2":{"loc":{"start":{"line":36,"column":2},"end":{"line":41,"column":3}},"type":"if","locations":[{"start":{"line":36,"column":2},"end":{"line":41,"column":3}},{"start":{"line":36,"column":2},"end":{"line":41,"column":3}}],"line":36},"3":{"loc":{"start":{"line":36,"column":6},"end":{"line":36,"column":26}},"type":"binary-expr","locations":[{"start":{"line":36,"column":6},"end":{"line":36,"column":18}},{"start":{"line":36,"column":22},"end":{"line":36,"column":26}}],"line":36},"4":{"loc":{"start":{"line":77,"column":2},"end":{"line":91,"column":3}},"type":"if","locations":[{"start":{"line":77,"column":2},"end":{"line":91,"column":3}},{"start":{"line":77,"column":2},"end":{"line":91,"column":3}}],"line":77},"5":{"loc":{"start":{"line":124,"column":6},"end":{"line":132,"column":7}},"type":"if","locations":[{"start":{"line":124,"column":6},"end":{"line":132,"column":7}},{"start":{"line":124,"column":6},"end":{"line":132,"column":7}}],"line":124},"6":{"loc":{"start":{"line":127,"column":8},"end":{"line":131,"column":9}},"type":"if","locations":[{"start":{"line":127,"column":8},"end":{"line":131,"column":9}},{"start":{"line":127,"column":8},"end":{"line":131,"column":9}}],"line":127},"7":{"loc":{"start":{"line":129,"column":15},"end":{"line":131,"column":9}},"type":"if","locations":[{"start":{"line":129,"column":15},"end":{"line":131,"column":9}},{"start":{"line":129,"column":15},"end":{"line":131,"column":9}}],"line":129},"8":{"loc":{"start":{"line":151,"column":6},"end":{"line":169,"column":7}},"type":"if","locations":[{"start":{"line":151,"column":6},"end":{"line":169,"column":7}},{"start":{"line":151,"column":6},"end":{"line":169,"column":7}}],"line":151},"9":{"loc":{"start":{"line":188,"column":2},"end":{"line":194,"column":3}},"type":"if","locations":[{"start":{"line":188,"column":2},"end":{"line":194,"column":3}},{"start":{"line":188,"column":2},"end":{"line":194,"column":3}}],"line":188}},"s":{"0":1,"1":1,"2":1,"3":1,"4":1,"5":1,"6":2,"7":2,"8":2,"9":2,"10":1,"11":1,"12":1,"13":0,"14":0,"15":0,"16":0,"17":0,"18":0,"19":0,"20":0,"21":0,"22":0,"23":0,"24":0,"25":1,"26":0,"27":0,"28":0,"29":0,"30":0,"31":0,"32":1,"33":0,"34":0,"35":0,"36":0,"37":0,"38":0,"39":0,"40":0,"41":0,"42":0,"43":0,"44":0,"45":0,"46":0,"47":0,"48":0,"49":0,"50":0,"51":0,"52":0,"53":0,"54":0,"55":1,"56":0,"57":0,"58":0,"59":0,"60":0,"61":1,"62":0,"63":0,"64":0,"65":0,"66":0,"67":0,"68":0,"69":0,"70":0,"71":0,"72":0,"73":0,"74":0,"75":0,"76":0,"77":1,"78":0,"79":0,"80":0,"81":0,"82":0,"83":0,"84":0,"85":0,"86":0,"87":0,"88":0,"89":1,"90":0,"91":0,"92":0,"93":0,"94":0,"95":0,"96":0,"97":0,"98":0,"99":0,"100":0,"101":0,"102":0,"103":0,"104":1,"105":1},"f":{"0":2,"1":2,"2":0,"3":0,"4":0,"5":0,"6":0,"7":0,"8":0,"9":0,"10":0,"11":0,"12":0,"13":0,"14":0,"15":0,"16":0,"17":0,"18":0},"b":{"0":[1,1],"1":[0,0],"2":[0,0],"3":[0,0],"4":[0,0],"5":[0,0],"6":[0,0],"7":[0,0],"8":[0,0],"9":[0,0]},"_coverageSchema":"1a1c01bbd47fc00a2c39e90264f33305004495a9","hash":"3bba28ad0c8b1130cd32b3b3623491b9928b2827"}
}
