{"/Users/connoraird/Documents/Academy/mini-project/connect4/server/connect4.js": {"path":"/Users/connoraird/Documents/Academy/mini-project/connect4/server/connect4.js","statementMap":{"0":{"start":{"line":1,"column":11},"end":{"line":1,"column":33}},"1":{"start":{"line":2,"column":19},"end":{"line":2,"column":32}},"2":{"start":{"line":3,"column":13},"end":{"line":3,"column":35}},"3":{"start":{"line":7,"column":2},"end":{"line":12,"column":3}},"4":{"start":{"line":7,"column":17},"end":{"line":7,"column":33}},"5":{"start":{"line":9,"column":4},"end":{"line":11,"column":5}},"6":{"start":{"line":10,"column":6},"end":{"line":10,"column":17}},"7":{"start":{"line":13,"column":2},"end":{"line":13,"column":14}},"8":{"start":{"line":28,"column":15},"end":{"line":28,"column":19}},"9":{"start":{"line":29,"column":18},"end":{"line":29,"column":20}},"10":{"start":{"line":30,"column":21},"end":{"line":30,"column":23}},"11":{"start":{"line":32,"column":2},"end":{"line":35,"column":3}},"12":{"start":{"line":32,"column":15},"end":{"line":32,"column":16}},"13":{"start":{"line":33,"column":4},"end":{"line":33,"column":32}},"14":{"start":{"line":34,"column":4},"end":{"line":34,"column":38}},"15":{"start":{"line":39,"column":2},"end":{"line":62,"column":13}},"16":{"start":{"line":40,"column":18},"end":{"line":45,"column":10}},"17":{"start":{"line":41,"column":6},"end":{"line":43,"column":7}},"18":{"start":{"line":42,"column":8},"end":{"line":42,"column":28}},"19":{"start":{"line":44,"column":6},"end":{"line":44,"column":37}},"20":{"start":{"line":49,"column":23},"end":{"line":49,"column":27}},"21":{"start":{"line":51,"column":6},"end":{"line":59,"column":7}},"22":{"start":{"line":53,"column":8},"end":{"line":57,"column":9}},"23":{"start":{"line":54,"column":10},"end":{"line":54,"column":29}},"24":{"start":{"line":55,"column":15},"end":{"line":57,"column":9}},"25":{"start":{"line":56,"column":10},"end":{"line":56,"column":32}},"26":{"start":{"line":58,"column":8},"end":{"line":58,"column":26}},"27":{"start":{"line":61,"column":6},"end":{"line":61,"column":20}},"28":{"start":{"line":64,"column":2},"end":{"line":66,"column":3}},"29":{"start":{"line":65,"column":4},"end":{"line":65,"column":18}},"30":{"start":{"line":68,"column":2},"end":{"line":68,"column":16}},"31":{"start":{"line":72,"column":14},"end":{"line":72,"column":15}},"32":{"start":{"line":73,"column":19},"end":{"line":73,"column":21}},"33":{"start":{"line":74,"column":2},"end":{"line":81,"column":5}},"34":{"start":{"line":75,"column":19},"end":{"line":75,"column":42}},"35":{"start":{"line":76,"column":4},"end":{"line":78,"column":5}},"36":{"start":{"line":77,"column":6},"end":{"line":77,"column":24}},"37":{"start":{"line":79,"column":4},"end":{"line":79,"column":42}},"38":{"start":{"line":80,"column":4},"end":{"line":80,"column":15}},"39":{"start":{"line":84,"column":2},"end":{"line":105,"column":13}},"40":{"start":{"line":85,"column":21},"end":{"line":90,"column":10}},"41":{"start":{"line":86,"column":6},"end":{"line":88,"column":7}},"42":{"start":{"line":87,"column":8},"end":{"line":87,"column":28}},"43":{"start":{"line":89,"column":6},"end":{"line":89,"column":34}},"44":{"start":{"line":92,"column":23},"end":{"line":92,"column":27}},"45":{"start":{"line":94,"column":6},"end":{"line":102,"column":7}},"46":{"start":{"line":96,"column":8},"end":{"line":100,"column":9}},"47":{"start":{"line":97,"column":10},"end":{"line":97,"column":29}},"48":{"start":{"line":98,"column":15},"end":{"line":100,"column":9}},"49":{"start":{"line":99,"column":10},"end":{"line":99,"column":32}},"50":{"start":{"line":101,"column":8},"end":{"line":101,"column":26}},"51":{"start":{"line":104,"column":6},"end":{"line":104,"column":20}},"52":{"start":{"line":107,"column":2},"end":{"line":109,"column":3}},"53":{"start":{"line":108,"column":4},"end":{"line":108,"column":18}},"54":{"start":{"line":111,"column":2},"end":{"line":111,"column":16}},"55":{"start":{"line":115,"column":2},"end":{"line":151,"column":3}},"56":{"start":{"line":115,"column":17},"end":{"line":115,"column":18}},"57":{"start":{"line":116,"column":22},"end":{"line":116,"column":23}},"58":{"start":{"line":117,"column":23},"end":{"line":117,"column":42}},"59":{"start":{"line":119,"column":4},"end":{"line":150,"column":5}},"60":{"start":{"line":119,"column":22},"end":{"line":119,"column":23}},"61":{"start":{"line":122,"column":6},"end":{"line":133,"column":7}},"62":{"start":{"line":123,"column":8},"end":{"line":123,"column":41}},"63":{"start":{"line":124,"column":8},"end":{"line":132,"column":9}},"64":{"start":{"line":124,"column":21},"end":{"line":124,"column":22}},"65":{"start":{"line":125,"column":10},"end":{"line":127,"column":11}},"66":{"start":{"line":126,"column":12},"end":{"line":126,"column":26}},"67":{"start":{"line":129,"column":10},"end":{"line":131,"column":11}},"68":{"start":{"line":130,"column":12},"end":{"line":130,"column":18}},"69":{"start":{"line":135,"column":6},"end":{"line":146,"column":7}},"70":{"start":{"line":136,"column":8},"end":{"line":136,"column":42}},"71":{"start":{"line":137,"column":8},"end":{"line":145,"column":9}},"72":{"start":{"line":137,"column":21},"end":{"line":137,"column":22}},"73":{"start":{"line":138,"column":10},"end":{"line":140,"column":11}},"74":{"start":{"line":139,"column":12},"end":{"line":139,"column":26}},"75":{"start":{"line":142,"column":10},"end":{"line":144,"column":11}},"76":{"start":{"line":143,"column":12},"end":{"line":143,"column":18}},"77":{"start":{"line":148,"column":6},"end":{"line":148,"column":23}},"78":{"start":{"line":149,"column":6},"end":{"line":149,"column":24}},"79":{"start":{"line":155,"column":2},"end":{"line":157,"column":3}},"80":{"start":{"line":155,"column":27},"end":{"line":155,"column":61}},"81":{"start":{"line":155,"column":47},"end":{"line":155,"column":60}},"82":{"start":{"line":156,"column":4},"end":{"line":156,"column":20}},"83":{"start":{"line":160,"column":2},"end":{"line":160,"column":14}},"84":{"start":{"line":165,"column":20},"end":{"line":165,"column":32}},"85":{"start":{"line":166,"column":20},"end":{"line":166,"column":28}},"86":{"start":{"line":168,"column":2},"end":{"line":170,"column":3}},"87":{"start":{"line":169,"column":4},"end":{"line":169,"column":24}},"88":{"start":{"line":172,"column":19},"end":{"line":178,"column":7}},"89":{"start":{"line":173,"column":4},"end":{"line":176,"column":5}},"90":{"start":{"line":175,"column":6},"end":{"line":175,"column":15}},"91":{"start":{"line":177,"column":4},"end":{"line":177,"column":15}},"92":{"start":{"line":181,"column":2},"end":{"line":183,"column":3}},"93":{"start":{"line":182,"column":4},"end":{"line":182,"column":19}},"94":{"start":{"line":184,"column":2},"end":{"line":184,"column":21}},"95":{"start":{"line":188,"column":19},"end":{"line":188,"column":21}},"96":{"start":{"line":189,"column":2},"end":{"line":195,"column":3}},"97":{"start":{"line":189,"column":15},"end":{"line":189,"column":16}},"98":{"start":{"line":190,"column":19},"end":{"line":190,"column":21}},"99":{"start":{"line":191,"column":4},"end":{"line":193,"column":5}},"100":{"start":{"line":191,"column":17},"end":{"line":191,"column":18}},"101":{"start":{"line":192,"column":6},"end":{"line":192,"column":24}},"102":{"start":{"line":194,"column":4},"end":{"line":194,"column":26}},"103":{"start":{"line":196,"column":2},"end":{"line":196,"column":18}},"104":{"start":{"line":200,"column":22},"end":{"line":200,"column":41}},"105":{"start":{"line":202,"column":2},"end":{"line":207,"column":5}},"106":{"start":{"line":203,"column":18},"end":{"line":203,"column":43}},"107":{"start":{"line":204,"column":4},"end":{"line":206,"column":5}},"108":{"start":{"line":205,"column":6},"end":{"line":205,"column":42}},"109":{"start":{"line":208,"column":2},"end":{"line":212,"column":4}},"110":{"start":{"line":218,"column":2},"end":{"line":249,"column":3}},"111":{"start":{"line":219,"column":19},"end":{"line":220,"column":47}},"112":{"start":{"line":220,"column":26},"end":{"line":220,"column":46}},"113":{"start":{"line":222,"column":4},"end":{"line":222,"column":18}},"114":{"start":{"line":224,"column":4},"end":{"line":248,"column":5}},"115":{"start":{"line":226,"column":6},"end":{"line":230,"column":8}},"116":{"start":{"line":231,"column":6},"end":{"line":231,"column":16}},"117":{"start":{"line":234,"column":6},"end":{"line":240,"column":9}},"118":{"start":{"line":235,"column":8},"end":{"line":239,"column":9}},"119":{"start":{"line":236,"column":10},"end":{"line":236,"column":35}},"120":{"start":{"line":238,"column":10},"end":{"line":238,"column":51}},"121":{"start":{"line":242,"column":6},"end":{"line":246,"column":8}},"122":{"start":{"line":247,"column":6},"end":{"line":247,"column":16}},"123":{"start":{"line":253,"column":2},"end":{"line":260,"column":4}},"124":{"start":{"line":264,"column":0},"end":{"line":272,"column":2}}},"fnMap":{"0":{"name":"placeCounter","decl":{"start":{"line":5,"column":9},"end":{"line":5,"column":21}},"loc":{"start":{"line":5,"column":37},"end":{"line":14,"column":1}},"line":5},"1":{"name":"checkWinner","decl":{"start":{"line":26,"column":9},"end":{"line":26,"column":20}},"loc":{"start":{"line":26,"column":36},"end":{"line":161,"column":1}},"line":26},"2":{"name":"(anonymous_2)","decl":{"start":{"line":40,"column":9},"end":{"line":40,"column":10}},"loc":{"start":{"line":40,"column":18},"end":{"line":45,"column":10}},"line":40},"3":{"name":"(anonymous_3)","decl":{"start":{"line":40,"column":29},"end":{"line":40,"column":30}},"loc":{"start":{"line":40,"column":49},"end":{"line":45,"column":5}},"line":40},"4":{"name":"(anonymous_4)","decl":{"start":{"line":47,"column":12},"end":{"line":47,"column":13}},"loc":{"start":{"line":47,"column":29},"end":{"line":62,"column":5}},"line":47},"5":{"name":"(anonymous_5)","decl":{"start":{"line":74,"column":23},"end":{"line":74,"column":24}},"loc":{"start":{"line":74,"column":35},"end":{"line":81,"column":3}},"line":74},"6":{"name":"(anonymous_6)","decl":{"start":{"line":85,"column":9},"end":{"line":85,"column":10}},"loc":{"start":{"line":85,"column":21},"end":{"line":90,"column":10}},"line":85},"7":{"name":"(anonymous_7)","decl":{"start":{"line":85,"column":35},"end":{"line":85,"column":36}},"loc":{"start":{"line":85,"column":52},"end":{"line":90,"column":5}},"line":85},"8":{"name":"(anonymous_8)","decl":{"start":{"line":91,"column":12},"end":{"line":91,"column":13}},"loc":{"start":{"line":91,"column":32},"end":{"line":105,"column":5}},"line":91},"9":{"name":"(anonymous_9)","decl":{"start":{"line":155,"column":18},"end":{"line":155,"column":19}},"loc":{"start":{"line":155,"column":27},"end":{"line":155,"column":61}},"line":155},"10":{"name":"(anonymous_10)","decl":{"start":{"line":155,"column":37},"end":{"line":155,"column":38}},"loc":{"start":{"line":155,"column":47},"end":{"line":155,"column":60}},"line":155},"11":{"name":"getCurrentPlayer","decl":{"start":{"line":163,"column":9},"end":{"line":163,"column":25}},"loc":{"start":{"line":163,"column":42},"end":{"line":185,"column":1}},"line":163},"12":{"name":"(anonymous_12)","decl":{"start":{"line":172,"column":36},"end":{"line":172,"column":37}},"loc":{"start":{"line":172,"column":51},"end":{"line":178,"column":3}},"line":172},"13":{"name":"createDataBoard","decl":{"start":{"line":187,"column":9},"end":{"line":187,"column":24}},"loc":{"start":{"line":187,"column":40},"end":{"line":197,"column":1}},"line":187},"14":{"name":"updateDataFile","decl":{"start":{"line":199,"column":9},"end":{"line":199,"column":23}},"loc":{"start":{"line":199,"column":46},"end":{"line":213,"column":1}},"line":199},"15":{"name":"(anonymous_15)","decl":{"start":{"line":202,"column":22},"end":{"line":202,"column":23}},"loc":{"start":{"line":202,"column":32},"end":{"line":207,"column":3}},"line":202},"16":{"name":"getGames","decl":{"start":{"line":216,"column":15},"end":{"line":216,"column":23}},"loc":{"start":{"line":216,"column":26},"end":{"line":250,"column":1}},"line":216},"17":{"name":"(anonymous_17)","decl":{"start":{"line":220,"column":12},"end":{"line":220,"column":13}},"loc":{"start":{"line":220,"column":26},"end":{"line":220,"column":46}},"line":220},"18":{"name":"(anonymous_18)","decl":{"start":{"line":234,"column":31},"end":{"line":234,"column":32}},"loc":{"start":{"line":234,"column":40},"end":{"line":240,"column":7}},"line":234},"19":{"name":"newGameState","decl":{"start":{"line":252,"column":9},"end":{"line":252,"column":21}},"loc":{"start":{"line":252,"column":51},"end":{"line":261,"column":1}},"line":252}},"branchMap":{"0":{"loc":{"start":{"line":9,"column":4},"end":{"line":11,"column":5}},"type":"if","locations":[{"start":{"line":9,"column":4},"end":{"line":11,"column":5}},{"start":{"line":9,"column":4},"end":{"line":11,"column":5}}],"line":9},"1":{"loc":{"start":{"line":41,"column":6},"end":{"line":43,"column":7}},"type":"if","locations":[{"start":{"line":41,"column":6},"end":{"line":43,"column":7}},{"start":{"line":41,"column":6},"end":{"line":43,"column":7}}],"line":41},"2":{"loc":{"start":{"line":51,"column":6},"end":{"line":59,"column":7}},"type":"if","locations":[{"start":{"line":51,"column":6},"end":{"line":59,"column":7}},{"start":{"line":51,"column":6},"end":{"line":59,"column":7}}],"line":51},"3":{"loc":{"start":{"line":53,"column":8},"end":{"line":57,"column":9}},"type":"if","locations":[{"start":{"line":53,"column":8},"end":{"line":57,"column":9}},{"start":{"line":53,"column":8},"end":{"line":57,"column":9}}],"line":53},"4":{"loc":{"start":{"line":55,"column":15},"end":{"line":57,"column":9}},"type":"if","locations":[{"start":{"line":55,"column":15},"end":{"line":57,"column":9}},{"start":{"line":55,"column":15},"end":{"line":57,"column":9}}],"line":55},"5":{"loc":{"start":{"line":64,"column":2},"end":{"line":66,"column":3}},"type":"if","locations":[{"start":{"line":64,"column":2},"end":{"line":66,"column":3}},{"start":{"line":64,"column":2},"end":{"line":66,"column":3}}],"line":64},"6":{"loc":{"start":{"line":76,"column":4},"end":{"line":78,"column":5}},"type":"if","locations":[{"start":{"line":76,"column":4},"end":{"line":78,"column":5}},{"start":{"line":76,"column":4},"end":{"line":78,"column":5}}],"line":76},"7":{"loc":{"start":{"line":86,"column":6},"end":{"line":88,"column":7}},"type":"if","locations":[{"start":{"line":86,"column":6},"end":{"line":88,"column":7}},{"start":{"line":86,"column":6},"end":{"line":88,"column":7}}],"line":86},"8":{"loc":{"start":{"line":94,"column":6},"end":{"line":102,"column":7}},"type":"if","locations":[{"start":{"line":94,"column":6},"end":{"line":102,"column":7}},{"start":{"line":94,"column":6},"end":{"line":102,"column":7}}],"line":94},"9":{"loc":{"start":{"line":96,"column":8},"end":{"line":100,"column":9}},"type":"if","locations":[{"start":{"line":96,"column":8},"end":{"line":100,"column":9}},{"start":{"line":96,"column":8},"end":{"line":100,"column":9}}],"line":96},"10":{"loc":{"start":{"line":98,"column":15},"end":{"line":100,"column":9}},"type":"if","locations":[{"start":{"line":98,"column":15},"end":{"line":100,"column":9}},{"start":{"line":98,"column":15},"end":{"line":100,"column":9}}],"line":98},"11":{"loc":{"start":{"line":107,"column":2},"end":{"line":109,"column":3}},"type":"if","locations":[{"start":{"line":107,"column":2},"end":{"line":109,"column":3}},{"start":{"line":107,"column":2},"end":{"line":109,"column":3}}],"line":107},"12":{"loc":{"start":{"line":122,"column":6},"end":{"line":133,"column":7}},"type":"if","locations":[{"start":{"line":122,"column":6},"end":{"line":133,"column":7}},{"start":{"line":122,"column":6},"end":{"line":133,"column":7}}],"line":122},"13":{"loc":{"start":{"line":125,"column":10},"end":{"line":127,"column":11}},"type":"if","locations":[{"start":{"line":125,"column":10},"end":{"line":127,"column":11}},{"start":{"line":125,"column":10},"end":{"line":127,"column":11}}],"line":125},"14":{"loc":{"start":{"line":129,"column":10},"end":{"line":131,"column":11}},"type":"if","locations":[{"start":{"line":129,"column":10},"end":{"line":131,"column":11}},{"start":{"line":129,"column":10},"end":{"line":131,"column":11}}],"line":129},"15":{"loc":{"start":{"line":135,"column":6},"end":{"line":146,"column":7}},"type":"if","locations":[{"start":{"line":135,"column":6},"end":{"line":146,"column":7}},{"start":{"line":135,"column":6},"end":{"line":146,"column":7}}],"line":135},"16":{"loc":{"start":{"line":138,"column":10},"end":{"line":140,"column":11}},"type":"if","locations":[{"start":{"line":138,"column":10},"end":{"line":140,"column":11}},{"start":{"line":138,"column":10},"end":{"line":140,"column":11}}],"line":138},"17":{"loc":{"start":{"line":142,"column":10},"end":{"line":144,"column":11}},"type":"if","locations":[{"start":{"line":142,"column":10},"end":{"line":144,"column":11}},{"start":{"line":142,"column":10},"end":{"line":144,"column":11}}],"line":142},"18":{"loc":{"start":{"line":155,"column":2},"end":{"line":157,"column":3}},"type":"if","locations":[{"start":{"line":155,"column":2},"end":{"line":157,"column":3}},{"start":{"line":155,"column":2},"end":{"line":157,"column":3}}],"line":155},"19":{"loc":{"start":{"line":168,"column":2},"end":{"line":170,"column":3}},"type":"if","locations":[{"start":{"line":168,"column":2},"end":{"line":170,"column":3}},{"start":{"line":168,"column":2},"end":{"line":170,"column":3}}],"line":168},"20":{"loc":{"start":{"line":173,"column":4},"end":{"line":176,"column":5}},"type":"if","locations":[{"start":{"line":173,"column":4},"end":{"line":176,"column":5}},{"start":{"line":173,"column":4},"end":{"line":176,"column":5}}],"line":173},"21":{"loc":{"start":{"line":181,"column":2},"end":{"line":183,"column":3}},"type":"if","locations":[{"start":{"line":181,"column":2},"end":{"line":183,"column":3}},{"start":{"line":181,"column":2},"end":{"line":183,"column":3}}],"line":181},"22":{"loc":{"start":{"line":204,"column":4},"end":{"line":206,"column":5}},"type":"if","locations":[{"start":{"line":204,"column":4},"end":{"line":206,"column":5}},{"start":{"line":204,"column":4},"end":{"line":206,"column":5}}],"line":204},"23":{"loc":{"start":{"line":235,"column":8},"end":{"line":239,"column":9}},"type":"if","locations":[{"start":{"line":235,"column":8},"end":{"line":239,"column":9}},{"start":{"line":235,"column":8},"end":{"line":239,"column":9}}],"line":235}},"s":{"0":2,"1":2,"2":2,"3":6,"4":6,"5":12,"6":5,"7":1,"8":7,"9":7,"10":7,"11":7,"12":7,"13":29,"14":29,"15":7,"16":42,"17":294,"18":218,"19":76,"20":42,"21":42,"22":42,"23":1,"24":41,"25":0,"26":42,"27":0,"28":7,"29":1,"30":6,"31":6,"32":6,"33":6,"34":252,"35":252,"36":42,"37":252,"38":252,"39":6,"40":42,"41":252,"42":0,"43":252,"44":42,"45":42,"46":36,"47":1,"48":35,"49":0,"50":36,"51":6,"52":6,"53":1,"54":5,"55":5,"56":5,"57":14,"58":14,"59":14,"60":14,"61":54,"62":13,"63":13,"64":13,"65":19,"66":0,"67":19,"68":13,"69":54,"70":13,"71":13,"72":13,"73":22,"74":1,"75":21,"76":12,"77":53,"78":53,"79":4,"80":9,"81":45,"82":1,"83":3,"84":4,"85":4,"86":4,"87":1,"88":4,"89":146,"90":3,"91":146,"92":4,"93":3,"94":1,"95":3,"96":3,"97":3,"98":32,"99":32,"100":32,"101":284,"102":32,"103":3,"104":3,"105":3,"106":3,"107":3,"108":3,"109":3,"110":3,"111":3,"112":1,"113":1,"114":2,"115":2,"116":1,"117":1,"118":0,"119":0,"120":0,"121":1,"122":1,"123":2,"124":2},"f":{"0":6,"1":7,"2":42,"3":294,"4":42,"5":252,"6":42,"7":252,"8":42,"9":9,"10":45,"11":4,"12":146,"13":3,"14":3,"15":3,"16":3,"17":1,"18":0,"19":2},"b":{"0":[5,7],"1":[218,76],"2":[42,0],"3":[1,41],"4":[0,41],"5":[1,6],"6":[42,210],"7":[0,252],"8":[36,6],"9":[1,35],"10":[0,35],"11":[1,5],"12":[13,41],"13":[0,19],"14":[13,6],"15":[13,41],"16":[1,21],"17":[12,9],"18":[1,3],"19":[1,3],"20":[3,143],"21":[3,1],"22":[3,0],"23":[0,0]},"_coverageSchema":"1a1c01bbd47fc00a2c39e90264f33305004495a9","hash":"38f3a30859c57a43c48d37aa506e106c1aa80d09"}
,"/Users/connoraird/Documents/Academy/mini-project/connect4/server/server.js": {"path":"/Users/connoraird/Documents/Academy/mini-project/connect4/server/server.js","statementMap":{"0":{"start":{"line":1,"column":16},"end":{"line":1,"column":34}},"1":{"start":{"line":2,"column":11},"end":{"line":2,"column":33}},"2":{"start":{"line":3,"column":11},"end":{"line":3,"column":35}},"3":{"start":{"line":5,"column":12},"end":{"line":5,"column":21}},"4":{"start":{"line":7,"column":0},"end":{"line":7,"column":36}},"5":{"start":{"line":9,"column":19},"end":{"line":20,"column":1}},"6":{"start":{"line":11,"column":19},"end":{"line":11,"column":38}},"7":{"start":{"line":13,"column":18},"end":{"line":13,"column":59}},"8":{"start":{"line":13,"column":44},"end":{"line":13,"column":58}},"9":{"start":{"line":15,"column":2},"end":{"line":17,"column":3}},"10":{"start":{"line":16,"column":4},"end":{"line":16,"column":47}},"11":{"start":{"line":19,"column":2},"end":{"line":19,"column":20}},"12":{"start":{"line":22,"column":24},"end":{"line":37,"column":1}},"13":{"start":{"line":23,"column":22},"end":{"line":23,"column":41}},"14":{"start":{"line":24,"column":2},"end":{"line":36,"column":7}},"15":{"start":{"line":26,"column":22},"end":{"line":26,"column":33}},"16":{"start":{"line":27,"column":6},"end":{"line":31,"column":7}},"17":{"start":{"line":28,"column":8},"end":{"line":28,"column":39}},"18":{"start":{"line":30,"column":8},"end":{"line":30,"column":36}},"19":{"start":{"line":32,"column":6},"end":{"line":32,"column":21}},"20":{"start":{"line":35,"column":6},"end":{"line":35,"column":51}},"21":{"start":{"line":40,"column":0},"end":{"line":86,"column":3}},"22":{"start":{"line":41,"column":25},"end":{"line":41,"column":35}},"23":{"start":{"line":44,"column":2},"end":{"line":47,"column":3}},"24":{"start":{"line":45,"column":4},"end":{"line":45,"column":69}},"25":{"start":{"line":46,"column":4},"end":{"line":46,"column":11}},"26":{"start":{"line":50,"column":22},"end":{"line":50,"column":41}},"27":{"start":{"line":55,"column":2},"end":{"line":58,"column":3}},"28":{"start":{"line":55,"column":35},"end":{"line":55,"column":49}},"29":{"start":{"line":56,"column":4},"end":{"line":56,"column":41}},"30":{"start":{"line":57,"column":4},"end":{"line":57,"column":11}},"31":{"start":{"line":60,"column":25},"end":{"line":60,"column":45}},"32":{"start":{"line":63,"column":2},"end":{"line":69,"column":3}},"33":{"start":{"line":64,"column":4},"end":{"line":64,"column":56}},"34":{"start":{"line":65,"column":4},"end":{"line":65,"column":11}},"35":{"start":{"line":66,"column":9},"end":{"line":69,"column":3}},"36":{"start":{"line":67,"column":4},"end":{"line":67,"column":54}},"37":{"start":{"line":68,"column":4},"end":{"line":68,"column":11}},"38":{"start":{"line":71,"column":14},"end":{"line":71,"column":59}},"39":{"start":{"line":73,"column":13},"end":{"line":73,"column":18}},"40":{"start":{"line":74,"column":2},"end":{"line":76,"column":3}},"41":{"start":{"line":75,"column":4},"end":{"line":75,"column":16}},"42":{"start":{"line":78,"column":2},"end":{"line":83,"column":3}},"43":{"start":{"line":79,"column":19},"end":{"line":79,"column":88}},"44":{"start":{"line":80,"column":4},"end":{"line":80,"column":47}},"45":{"start":{"line":82,"column":4},"end":{"line":82,"column":51}},"46":{"start":{"line":85,"column":2},"end":{"line":85,"column":21}},"47":{"start":{"line":89,"column":0},"end":{"line":102,"column":3}},"48":{"start":{"line":90,"column":2},"end":{"line":101,"column":3}},"49":{"start":{"line":91,"column":19},"end":{"line":91,"column":29}},"50":{"start":{"line":93,"column":24},"end":{"line":93,"column":43}},"51":{"start":{"line":94,"column":27},"end":{"line":94,"column":47}},"52":{"start":{"line":95,"column":18},"end":{"line":95,"column":46}},"53":{"start":{"line":96,"column":4},"end":{"line":96,"column":77}},"54":{"start":{"line":97,"column":4},"end":{"line":97,"column":51}},"55":{"start":{"line":98,"column":4},"end":{"line":98,"column":49}},"56":{"start":{"line":100,"column":4},"end":{"line":100,"column":101}},"57":{"start":{"line":105,"column":0},"end":{"line":159,"column":3}},"58":{"start":{"line":106,"column":16},"end":{"line":106,"column":18}},"59":{"start":{"line":107,"column":19},"end":{"line":107,"column":21}},"60":{"start":{"line":108,"column":19},"end":{"line":108,"column":29}},"61":{"start":{"line":109,"column":22},"end":{"line":109,"column":32}},"62":{"start":{"line":110,"column":17},"end":{"line":110,"column":27}},"63":{"start":{"line":111,"column":20},"end":{"line":111,"column":37}},"64":{"start":{"line":113,"column":2},"end":{"line":116,"column":3}},"65":{"start":{"line":114,"column":4},"end":{"line":114,"column":60}},"66":{"start":{"line":115,"column":4},"end":{"line":115,"column":11}},"67":{"start":{"line":118,"column":2},"end":{"line":121,"column":3}},"68":{"start":{"line":119,"column":4},"end":{"line":119,"column":63}},"69":{"start":{"line":120,"column":4},"end":{"line":120,"column":11}},"70":{"start":{"line":123,"column":2},"end":{"line":126,"column":3}},"71":{"start":{"line":124,"column":4},"end":{"line":124,"column":62}},"72":{"start":{"line":125,"column":4},"end":{"line":125,"column":11}},"73":{"start":{"line":128,"column":19},"end":{"line":128,"column":52}},"74":{"start":{"line":131,"column":22},"end":{"line":131,"column":41}},"75":{"start":{"line":134,"column":25},"end":{"line":134,"column":71}},"76":{"start":{"line":134,"column":55},"end":{"line":134,"column":70}},"77":{"start":{"line":136,"column":2},"end":{"line":150,"column":3}},"78":{"start":{"line":137,"column":4},"end":{"line":137,"column":51}},"79":{"start":{"line":139,"column":4},"end":{"line":139,"column":33}},"80":{"start":{"line":140,"column":4},"end":{"line":140,"column":29}},"81":{"start":{"line":143,"column":4},"end":{"line":143,"column":64}},"82":{"start":{"line":143,"column":47},"end":{"line":143,"column":62}},"83":{"start":{"line":145,"column":4},"end":{"line":145,"column":32}},"84":{"start":{"line":146,"column":4},"end":{"line":146,"column":29}},"85":{"start":{"line":147,"column":4},"end":{"line":147,"column":31}},"86":{"start":{"line":149,"column":4},"end":{"line":149,"column":32}},"87":{"start":{"line":152,"column":2},"end":{"line":156,"column":4}},"88":{"start":{"line":158,"column":2},"end":{"line":158,"column":21}},"89":{"start":{"line":162,"column":0},"end":{"line":168,"column":3}},"90":{"start":{"line":163,"column":17},"end":{"line":163,"column":27}},"91":{"start":{"line":164,"column":2},"end":{"line":167,"column":35}},"92":{"start":{"line":165,"column":30},"end":{"line":165,"column":99}},"93":{"start":{"line":166,"column":22},"end":{"line":166,"column":40}},"94":{"start":{"line":167,"column":20},"end":{"line":167,"column":33}},"95":{"start":{"line":171,"column":0},"end":{"line":194,"column":3}},"96":{"start":{"line":172,"column":17},"end":{"line":172,"column":27}},"97":{"start":{"line":173,"column":22},"end":{"line":173,"column":41}},"98":{"start":{"line":174,"column":2},"end":{"line":193,"column":7}},"99":{"start":{"line":176,"column":21},"end":{"line":176,"column":80}},"100":{"start":{"line":177,"column":6},"end":{"line":177,"column":38}},"101":{"start":{"line":180,"column":21},"end":{"line":180,"column":30}},"102":{"start":{"line":181,"column":29},"end":{"line":181,"column":38}},"103":{"start":{"line":182,"column":6},"end":{"line":190,"column":7}},"104":{"start":{"line":183,"column":8},"end":{"line":183,"column":28}},"105":{"start":{"line":185,"column":8},"end":{"line":189,"column":9}},"106":{"start":{"line":186,"column":10},"end":{"line":186,"column":39}},"107":{"start":{"line":187,"column":15},"end":{"line":189,"column":9}},"108":{"start":{"line":188,"column":10},"end":{"line":188,"column":42}},"109":{"start":{"line":191,"column":6},"end":{"line":191,"column":53}},"110":{"start":{"line":192,"column":6},"end":{"line":192,"column":25}},"111":{"start":{"line":197,"column":0},"end":{"line":229,"column":3}},"112":{"start":{"line":198,"column":17},"end":{"line":198,"column":27}},"113":{"start":{"line":199,"column":2},"end":{"line":228,"column":7}},"114":{"start":{"line":201,"column":21},"end":{"line":201,"column":90}},"115":{"start":{"line":202,"column":21},"end":{"line":202,"column":80}},"116":{"start":{"line":203,"column":6},"end":{"line":203,"column":46}},"117":{"start":{"line":206,"column":21},"end":{"line":206,"column":30}},"118":{"start":{"line":207,"column":21},"end":{"line":207,"column":30}},"119":{"start":{"line":208,"column":29},"end":{"line":208,"column":38}},"120":{"start":{"line":209,"column":6},"end":{"line":227,"column":7}},"121":{"start":{"line":210,"column":8},"end":{"line":217,"column":12}},"122":{"start":{"line":219,"column":8},"end":{"line":226,"column":12}},"123":{"start":{"line":231,"column":0},"end":{"line":261,"column":3}},"124":{"start":{"line":234,"column":17},"end":{"line":234,"column":27}},"125":{"start":{"line":235,"column":15},"end":{"line":235,"column":16}},"126":{"start":{"line":236,"column":18},"end":{"line":236,"column":19}},"127":{"start":{"line":237,"column":16},"end":{"line":237,"column":18}},"128":{"start":{"line":240,"column":22},"end":{"line":240,"column":41}},"129":{"start":{"line":243,"column":25},"end":{"line":243,"column":69}},"130":{"start":{"line":243,"column":54},"end":{"line":243,"column":68}},"131":{"start":{"line":246,"column":2},"end":{"line":252,"column":3}},"132":{"start":{"line":247,"column":21},"end":{"line":247,"column":54}},"133":{"start":{"line":248,"column":4},"end":{"line":248,"column":47}},"134":{"start":{"line":249,"column":4},"end":{"line":249,"column":33}},"135":{"start":{"line":251,"column":4},"end":{"line":251,"column":32}},"136":{"start":{"line":254,"column":2},"end":{"line":258,"column":4}},"137":{"start":{"line":260,"column":2},"end":{"line":260,"column":20}},"138":{"start":{"line":263,"column":0},"end":{"line":267,"column":1}},"139":{"start":{"line":264,"column":2},"end":{"line":266,"column":5}},"140":{"start":{"line":265,"column":4},"end":{"line":265,"column":47}},"141":{"start":{"line":270,"column":0},"end":{"line":273,"column":2}}},"fnMap":{"0":{"name":"(anonymous_0)","decl":{"start":{"line":9,"column":19},"end":{"line":9,"column":20}},"loc":{"start":{"line":9,"column":33},"end":{"line":20,"column":1}},"line":9},"1":{"name":"(anonymous_1)","decl":{"start":{"line":13,"column":34},"end":{"line":13,"column":35}},"loc":{"start":{"line":13,"column":44},"end":{"line":13,"column":58}},"line":13},"2":{"name":"(anonymous_2)","decl":{"start":{"line":22,"column":24},"end":{"line":22,"column":25}},"loc":{"start":{"line":22,"column":38},"end":{"line":37,"column":1}},"line":22},"3":{"name":"(anonymous_3)","decl":{"start":{"line":25,"column":10},"end":{"line":25,"column":11}},"loc":{"start":{"line":25,"column":20},"end":{"line":33,"column":5}},"line":25},"4":{"name":"(anonymous_4)","decl":{"start":{"line":34,"column":10},"end":{"line":34,"column":11}},"loc":{"start":{"line":34,"column":28},"end":{"line":36,"column":5}},"line":34},"5":{"name":"(anonymous_5)","decl":{"start":{"line":40,"column":37},"end":{"line":40,"column":38}},"loc":{"start":{"line":40,"column":57},"end":{"line":86,"column":1}},"line":40},"6":{"name":"(anonymous_6)","decl":{"start":{"line":55,"column":25},"end":{"line":55,"column":26}},"loc":{"start":{"line":55,"column":35},"end":{"line":55,"column":49}},"line":55},"7":{"name":"(anonymous_7)","decl":{"start":{"line":89,"column":22},"end":{"line":89,"column":23}},"loc":{"start":{"line":89,"column":42},"end":{"line":102,"column":1}},"line":89},"8":{"name":"(anonymous_8)","decl":{"start":{"line":105,"column":48},"end":{"line":105,"column":49}},"loc":{"start":{"line":105,"column":68},"end":{"line":159,"column":1}},"line":105},"9":{"name":"(anonymous_9)","decl":{"start":{"line":134,"column":44},"end":{"line":134,"column":45}},"loc":{"start":{"line":134,"column":55},"end":{"line":134,"column":70}},"line":134},"10":{"name":"(anonymous_10)","decl":{"start":{"line":143,"column":36},"end":{"line":143,"column":37}},"loc":{"start":{"line":143,"column":47},"end":{"line":143,"column":62}},"line":143},"11":{"name":"(anonymous_11)","decl":{"start":{"line":162,"column":30},"end":{"line":162,"column":31}},"loc":{"start":{"line":162,"column":44},"end":{"line":168,"column":1}},"line":162},"12":{"name":"(anonymous_12)","decl":{"start":{"line":165,"column":10},"end":{"line":165,"column":11}},"loc":{"start":{"line":165,"column":30},"end":{"line":165,"column":99}},"line":165},"13":{"name":"(anonymous_13)","decl":{"start":{"line":166,"column":10},"end":{"line":166,"column":11}},"loc":{"start":{"line":166,"column":22},"end":{"line":166,"column":40}},"line":166},"14":{"name":"(anonymous_14)","decl":{"start":{"line":167,"column":11},"end":{"line":167,"column":12}},"loc":{"start":{"line":167,"column":20},"end":{"line":167,"column":33}},"line":167},"15":{"name":"(anonymous_15)","decl":{"start":{"line":171,"column":23},"end":{"line":171,"column":24}},"loc":{"start":{"line":171,"column":43},"end":{"line":194,"column":1}},"line":171},"16":{"name":"(anonymous_16)","decl":{"start":{"line":175,"column":10},"end":{"line":175,"column":11}},"loc":{"start":{"line":175,"column":30},"end":{"line":178,"column":5}},"line":175},"17":{"name":"(anonymous_17)","decl":{"start":{"line":179,"column":10},"end":{"line":179,"column":11}},"loc":{"start":{"line":179,"column":22},"end":{"line":193,"column":5}},"line":179},"18":{"name":"(anonymous_18)","decl":{"start":{"line":197,"column":25},"end":{"line":197,"column":26}},"loc":{"start":{"line":197,"column":39},"end":{"line":229,"column":1}},"line":197},"19":{"name":"(anonymous_19)","decl":{"start":{"line":200,"column":10},"end":{"line":200,"column":11}},"loc":{"start":{"line":200,"column":30},"end":{"line":204,"column":5}},"line":200},"20":{"name":"(anonymous_20)","decl":{"start":{"line":205,"column":10},"end":{"line":205,"column":11}},"loc":{"start":{"line":205,"column":22},"end":{"line":228,"column":5}},"line":205},"21":{"name":"(anonymous_21)","decl":{"start":{"line":231,"column":26},"end":{"line":231,"column":27}},"loc":{"start":{"line":231,"column":46},"end":{"line":261,"column":1}},"line":231},"22":{"name":"(anonymous_22)","decl":{"start":{"line":243,"column":44},"end":{"line":243,"column":45}},"loc":{"start":{"line":243,"column":54},"end":{"line":243,"column":68}},"line":243},"23":{"name":"(anonymous_23)","decl":{"start":{"line":264,"column":19},"end":{"line":264,"column":20}},"loc":{"start":{"line":264,"column":25},"end":{"line":266,"column":3}},"line":264}},"branchMap":{"0":{"loc":{"start":{"line":15,"column":2},"end":{"line":17,"column":3}},"type":"if","locations":[{"start":{"line":15,"column":2},"end":{"line":17,"column":3}},{"start":{"line":15,"column":2},"end":{"line":17,"column":3}}],"line":15},"1":{"loc":{"start":{"line":27,"column":6},"end":{"line":31,"column":7}},"type":"if","locations":[{"start":{"line":27,"column":6},"end":{"line":31,"column":7}},{"start":{"line":27,"column":6},"end":{"line":31,"column":7}}],"line":27},"2":{"loc":{"start":{"line":44,"column":2},"end":{"line":47,"column":3}},"type":"if","locations":[{"start":{"line":44,"column":2},"end":{"line":47,"column":3}},{"start":{"line":44,"column":2},"end":{"line":47,"column":3}}],"line":44},"3":{"loc":{"start":{"line":44,"column":6},"end":{"line":44,"column":63}},"type":"binary-expr","locations":[{"start":{"line":44,"column":6},"end":{"line":44,"column":32}},{"start":{"line":44,"column":36},"end":{"line":44,"column":63}}],"line":44},"4":{"loc":{"start":{"line":55,"column":2},"end":{"line":58,"column":3}},"type":"if","locations":[{"start":{"line":55,"column":2},"end":{"line":58,"column":3}},{"start":{"line":55,"column":2},"end":{"line":58,"column":3}}],"line":55},"5":{"loc":{"start":{"line":63,"column":2},"end":{"line":69,"column":3}},"type":"if","locations":[{"start":{"line":63,"column":2},"end":{"line":69,"column":3}},{"start":{"line":63,"column":2},"end":{"line":69,"column":3}}],"line":63},"6":{"loc":{"start":{"line":63,"column":6},"end":{"line":63,"column":84}},"type":"binary-expr","locations":[{"start":{"line":63,"column":7},"end":{"line":63,"column":57}},{"start":{"line":63,"column":63},"end":{"line":63,"column":83}}],"line":63},"7":{"loc":{"start":{"line":66,"column":9},"end":{"line":69,"column":3}},"type":"if","locations":[{"start":{"line":66,"column":9},"end":{"line":69,"column":3}},{"start":{"line":66,"column":9},"end":{"line":69,"column":3}}],"line":66},"8":{"loc":{"start":{"line":74,"column":2},"end":{"line":76,"column":3}},"type":"if","locations":[{"start":{"line":74,"column":2},"end":{"line":76,"column":3}},{"start":{"line":74,"column":2},"end":{"line":76,"column":3}}],"line":74},"9":{"loc":{"start":{"line":78,"column":2},"end":{"line":83,"column":3}},"type":"if","locations":[{"start":{"line":78,"column":2},"end":{"line":83,"column":3}},{"start":{"line":78,"column":2},"end":{"line":83,"column":3}}],"line":78},"10":{"loc":{"start":{"line":78,"column":6},"end":{"line":78,"column":26}},"type":"binary-expr","locations":[{"start":{"line":78,"column":6},"end":{"line":78,"column":18}},{"start":{"line":78,"column":22},"end":{"line":78,"column":26}}],"line":78},"11":{"loc":{"start":{"line":113,"column":2},"end":{"line":116,"column":3}},"type":"if","locations":[{"start":{"line":113,"column":2},"end":{"line":116,"column":3}},{"start":{"line":113,"column":2},"end":{"line":116,"column":3}}],"line":113},"12":{"loc":{"start":{"line":113,"column":6},"end":{"line":113,"column":51}},"type":"binary-expr","locations":[{"start":{"line":113,"column":6},"end":{"line":113,"column":27}},{"start":{"line":113,"column":32},"end":{"line":113,"column":50}}],"line":113},"13":{"loc":{"start":{"line":118,"column":2},"end":{"line":121,"column":3}},"type":"if","locations":[{"start":{"line":118,"column":2},"end":{"line":121,"column":3}},{"start":{"line":118,"column":2},"end":{"line":121,"column":3}}],"line":118},"14":{"loc":{"start":{"line":118,"column":6},"end":{"line":118,"column":57}},"type":"binary-expr","locations":[{"start":{"line":118,"column":6},"end":{"line":118,"column":30}},{"start":{"line":118,"column":35},"end":{"line":118,"column":56}}],"line":118},"15":{"loc":{"start":{"line":123,"column":2},"end":{"line":126,"column":3}},"type":"if","locations":[{"start":{"line":123,"column":2},"end":{"line":126,"column":3}},{"start":{"line":123,"column":2},"end":{"line":126,"column":3}}],"line":123},"16":{"loc":{"start":{"line":123,"column":6},"end":{"line":123,"column":61}},"type":"binary-expr","locations":[{"start":{"line":123,"column":6},"end":{"line":123,"column":32}},{"start":{"line":123,"column":37},"end":{"line":123,"column":60}}],"line":123},"17":{"loc":{"start":{"line":136,"column":2},"end":{"line":150,"column":3}},"type":"if","locations":[{"start":{"line":136,"column":2},"end":{"line":150,"column":3}},{"start":{"line":136,"column":2},"end":{"line":150,"column":3}}],"line":136},"18":{"loc":{"start":{"line":182,"column":6},"end":{"line":190,"column":7}},"type":"if","locations":[{"start":{"line":182,"column":6},"end":{"line":190,"column":7}},{"start":{"line":182,"column":6},"end":{"line":190,"column":7}}],"line":182},"19":{"loc":{"start":{"line":185,"column":8},"end":{"line":189,"column":9}},"type":"if","locations":[{"start":{"line":185,"column":8},"end":{"line":189,"column":9}},{"start":{"line":185,"column":8},"end":{"line":189,"column":9}}],"line":185},"20":{"loc":{"start":{"line":187,"column":15},"end":{"line":189,"column":9}},"type":"if","locations":[{"start":{"line":187,"column":15},"end":{"line":189,"column":9}},{"start":{"line":187,"column":15},"end":{"line":189,"column":9}}],"line":187},"21":{"loc":{"start":{"line":209,"column":6},"end":{"line":227,"column":7}},"type":"if","locations":[{"start":{"line":209,"column":6},"end":{"line":227,"column":7}},{"start":{"line":209,"column":6},"end":{"line":227,"column":7}}],"line":209},"22":{"loc":{"start":{"line":246,"column":2},"end":{"line":252,"column":3}},"type":"if","locations":[{"start":{"line":246,"column":2},"end":{"line":252,"column":3}},{"start":{"line":246,"column":2},"end":{"line":252,"column":3}}],"line":246},"23":{"loc":{"start":{"line":263,"column":0},"end":{"line":267,"column":1}},"type":"if","locations":[{"start":{"line":263,"column":0},"end":{"line":267,"column":1}},{"start":{"line":263,"column":0},"end":{"line":267,"column":1}}],"line":263}},"s":{"0":2,"1":2,"2":2,"3":2,"4":2,"5":2,"6":7,"7":7,"8":7,"9":7,"10":1,"11":6,"12":2,"13":0,"14":0,"15":0,"16":0,"17":0,"18":0,"19":0,"20":0,"21":2,"22":6,"23":6,"24":1,"25":1,"26":5,"27":5,"28":5,"29":1,"30":1,"31":4,"32":4,"33":1,"34":1,"35":3,"36":1,"37":1,"38":2,"39":2,"40":2,"41":1,"42":2,"43":1,"44":1,"45":1,"46":2,"47":2,"48":1,"49":1,"50":1,"51":1,"52":1,"53":1,"54":1,"55":1,"56":0,"57":2,"58":6,"59":6,"60":6,"61":6,"62":6,"63":6,"64":6,"65":2,"66":2,"67":4,"68":2,"69":2,"70":2,"71":2,"72":2,"73":0,"74":0,"75":0,"76":0,"77":0,"78":0,"79":0,"80":0,"81":0,"82":0,"83":0,"84":0,"85":0,"86":0,"87":0,"88":0,"89":2,"90":0,"91":0,"92":0,"93":0,"94":0,"95":2,"96":0,"97":0,"98":0,"99":0,"100":0,"101":0,"102":0,"103":0,"104":0,"105":0,"106":0,"107":0,"108":0,"109":0,"110":0,"111":2,"112":0,"113":0,"114":0,"115":0,"116":0,"117":0,"118":0,"119":0,"120":0,"121":0,"122":0,"123":2,"124":0,"125":0,"126":0,"127":0,"128":0,"129":0,"130":0,"131":0,"132":0,"133":0,"134":0,"135":0,"136":0,"137":0,"138":2,"139":0,"140":0,"141":2},"f":{"0":7,"1":7,"2":0,"3":0,"4":0,"5":6,"6":5,"7":1,"8":6,"9":0,"10":0,"11":0,"12":0,"13":0,"14":0,"15":0,"16":0,"17":0,"18":0,"19":0,"20":0,"21":0,"22":0,"23":0},"b":{"0":[1,6],"1":[0,0],"2":[1,5],"3":[6,5],"4":[1,4],"5":[1,3],"6":[4,3],"7":[1,2],"8":[1,1],"9":[1,1],"10":[2,2],"11":[2,4],"12":[6,5],"13":[2,2],"14":[4,3],"15":[2,0],"16":[2,1],"17":[0,0],"18":[0,0],"19":[0,0],"20":[0,0],"21":[0,0],"22":[0,0],"23":[0,2]},"_coverageSchema":"1a1c01bbd47fc00a2c39e90264f33305004495a9","hash":"fa175c8f957052f3840d0d890b5ad0b022270af2"}
}
