TN:
SF:server/connect4.js
FN:5,placeCounter
FN:26,checkWinner
FN:40,(anonymous_2)
FN:40,(anonymous_3)
FN:47,(anonymous_4)
FN:74,(anonymous_5)
FN:85,(anonymous_6)
FN:85,(anonymous_7)
FN:91,(anonymous_8)
FN:155,(anonymous_9)
FN:155,(anonymous_10)
FN:163,getCurrentPlayer
FN:172,(anonymous_12)
FN:187,createDataBoard
FN:199,updateDataFile
FN:203,(anonymous_15)
FN:208,(anonymous_16)
FN:222,getGames
FN:226,(anonymous_18)
FN:240,(anonymous_19)
FN:258,newGameState
FNF:21
FNH:20
FNDA:6,placeCounter
FNDA:7,checkWinner
FNDA:42,(anonymous_2)
FNDA:294,(anonymous_3)
FNDA:42,(anonymous_4)
FNDA:252,(anonymous_5)
FNDA:42,(anonymous_6)
FNDA:252,(anonymous_7)
FNDA:42,(anonymous_8)
FNDA:9,(anonymous_9)
FNDA:45,(anonymous_10)
FNDA:4,getCurrentPlayer
FNDA:146,(anonymous_12)
FNDA:4,createDataBoard
FNDA:4,updateDataFile
FNDA:4,(anonymous_15)
FNDA:3,(anonymous_16)
FNDA:4,getGames
FNDA:2,(anonymous_18)
FNDA:0,(anonymous_19)
FNDA:3,newGameState
DA:1,2
DA:2,2
DA:3,2
DA:7,6
DA:9,12
DA:10,5
DA:13,1
DA:28,7
DA:29,7
DA:30,7
DA:32,7
DA:33,29
DA:34,29
DA:39,7
DA:40,42
DA:41,294
DA:42,218
DA:44,76
DA:49,42
DA:51,42
DA:53,42
DA:54,1
DA:55,41
DA:56,0
DA:58,42
DA:61,0
DA:64,7
DA:65,1
DA:68,6
DA:72,6
DA:73,6
DA:74,6
DA:75,252
DA:76,252
DA:77,42
DA:79,252
DA:80,252
DA:84,6
DA:85,42
DA:86,252
DA:87,0
DA:89,252
DA:92,42
DA:94,42
DA:96,36
DA:97,1
DA:98,35
DA:99,0
DA:101,36
DA:104,6
DA:107,6
DA:108,1
DA:111,5
DA:115,5
DA:116,14
DA:117,14
DA:119,14
DA:122,54
DA:123,13
DA:124,13
DA:125,19
DA:126,0
DA:129,19
DA:130,13
DA:135,54
DA:136,13
DA:137,13
DA:138,22
DA:139,1
DA:142,21
DA:143,12
DA:148,53
DA:149,53
DA:155,45
DA:156,1
DA:160,3
DA:165,4
DA:166,4
DA:168,4
DA:169,1
DA:172,4
DA:173,146
DA:175,3
DA:177,146
DA:181,4
DA:182,3
DA:184,1
DA:188,4
DA:189,4
DA:190,38
DA:191,38
DA:192,326
DA:194,38
DA:196,4
DA:200,4
DA:203,4
DA:204,1
DA:208,3
DA:209,3
DA:210,3
DA:211,3
DA:214,3
DA:224,4
DA:225,4
DA:226,2
DA:228,2
DA:230,2
DA:232,2
DA:237,1
DA:240,1
DA:241,0
DA:242,0
DA:244,0
DA:248,1
DA:253,1
DA:259,3
DA:270,2
LF:117
LH:109
BRDA:9,0,0,5
BRDA:9,0,1,7
BRDA:41,1,0,218
BRDA:41,1,1,76
BRDA:51,2,0,42
BRDA:51,2,1,0
BRDA:53,3,0,1
BRDA:53,3,1,41
BRDA:55,4,0,0
BRDA:55,4,1,41
BRDA:64,5,0,1
BRDA:64,5,1,6
BRDA:76,6,0,42
BRDA:76,6,1,210
BRDA:86,7,0,0
BRDA:86,7,1,252
BRDA:94,8,0,36
BRDA:94,8,1,6
BRDA:96,9,0,1
BRDA:96,9,1,35
BRDA:98,10,0,0
BRDA:98,10,1,35
BRDA:107,11,0,1
BRDA:107,11,1,5
BRDA:122,12,0,13
BRDA:122,12,1,41
BRDA:125,13,0,0
BRDA:125,13,1,19
BRDA:129,14,0,13
BRDA:129,14,1,6
BRDA:135,15,0,13
BRDA:135,15,1,41
BRDA:138,16,0,1
BRDA:138,16,1,21
BRDA:142,17,0,12
BRDA:142,17,1,9
BRDA:155,18,0,1
BRDA:155,18,1,3
BRDA:168,19,0,1
BRDA:168,19,1,3
BRDA:173,20,0,3
BRDA:173,20,1,143
BRDA:181,21,0,3
BRDA:181,21,1,1
BRDA:203,22,0,1
BRDA:203,22,1,3
BRDA:210,23,0,3
BRDA:210,23,1,0
BRDA:241,24,0,0
BRDA:241,24,1,0
BRF:50
BRH:42
end_of_record
TN:
SF:server/server.js
FN:11,(anonymous_0)
FN:15,(anonymous_1)
FN:24,(anonymous_2)
FN:27,(anonymous_3)
FN:36,(anonymous_4)
FN:42,(anonymous_5)
FN:57,(anonymous_6)
FN:91,(anonymous_7)
FN:107,(anonymous_8)
FN:136,(anonymous_9)
FN:145,(anonymous_10)
FN:164,(anonymous_11)
FN:167,(anonymous_12)
FN:168,(anonymous_13)
FN:169,(anonymous_14)
FN:173,(anonymous_15)
FN:177,(anonymous_16)
FN:181,(anonymous_17)
FN:199,(anonymous_18)
FN:202,(anonymous_19)
FN:207,(anonymous_20)
FN:233,(anonymous_21)
FN:245,(anonymous_22)
FN:266,(anonymous_23)
FNF:24
FNH:7
FNDA:8,(anonymous_0)
FNDA:8,(anonymous_1)
FNDA:0,(anonymous_2)
FNDA:0,(anonymous_3)
FNDA:0,(anonymous_4)
FNDA:6,(anonymous_5)
FNDA:5,(anonymous_6)
FNDA:2,(anonymous_7)
FNDA:7,(anonymous_8)
FNDA:1,(anonymous_9)
FNDA:0,(anonymous_10)
FNDA:0,(anonymous_11)
FNDA:0,(anonymous_12)
FNDA:0,(anonymous_13)
FNDA:0,(anonymous_14)
FNDA:0,(anonymous_15)
FNDA:0,(anonymous_16)
FNDA:0,(anonymous_17)
FNDA:0,(anonymous_18)
FNDA:0,(anonymous_19)
FNDA:0,(anonymous_20)
FNDA:0,(anonymous_21)
FNDA:0,(anonymous_22)
FNDA:0,(anonymous_23)
DA:1,2
DA:2,2
DA:3,2
DA:5,2
DA:7,2
DA:9,2
DA:11,2
DA:13,8
DA:15,8
DA:17,8
DA:18,2
DA:21,6
DA:24,2
DA:25,0
DA:26,0
DA:28,0
DA:29,0
DA:30,0
DA:32,0
DA:34,0
DA:37,0
DA:42,2
DA:43,6
DA:46,6
DA:47,1
DA:48,1
DA:52,5
DA:57,5
DA:58,1
DA:59,1
DA:62,4
DA:65,4
DA:66,1
DA:67,1
DA:68,3
DA:69,1
DA:70,1
DA:73,2
DA:75,2
DA:76,2
DA:77,1
DA:80,2
DA:81,1
DA:82,1
DA:84,1
DA:87,2
DA:91,2
DA:92,2
DA:93,2
DA:95,2
DA:96,2
DA:97,1
DA:98,1
DA:99,1
DA:100,1
DA:102,1
DA:107,2
DA:108,7
DA:109,7
DA:110,7
DA:111,7
DA:112,7
DA:113,7
DA:115,7
DA:116,2
DA:117,2
DA:120,5
DA:121,2
DA:122,2
DA:125,3
DA:126,2
DA:127,2
DA:130,1
DA:133,1
DA:136,1
DA:138,1
DA:139,1
DA:141,1
DA:142,1
DA:145,0
DA:147,0
DA:148,0
DA:149,0
DA:151,0
DA:154,1
DA:160,1
DA:164,2
DA:165,0
DA:166,0
DA:167,0
DA:168,0
DA:169,0
DA:173,2
DA:174,0
DA:175,0
DA:176,0
DA:178,0
DA:179,0
DA:182,0
DA:183,0
DA:184,0
DA:185,0
DA:187,0
DA:188,0
DA:189,0
DA:190,0
DA:193,0
DA:194,0
DA:199,2
DA:200,0
DA:201,0
DA:203,0
DA:204,0
DA:205,0
DA:208,0
DA:209,0
DA:210,0
DA:211,0
DA:212,0
DA:221,0
DA:233,2
DA:236,0
DA:237,0
DA:238,0
DA:239,0
DA:242,0
DA:245,0
DA:248,0
DA:249,0
DA:250,0
DA:251,0
DA:253,0
DA:256,0
DA:262,0
DA:265,2
DA:266,0
DA:267,0
DA:272,2
LF:138
LH:79
BRDA:17,0,0,2
BRDA:17,0,1,6
BRDA:29,1,0,0
BRDA:29,1,1,0
BRDA:46,2,0,1
BRDA:46,2,1,5
BRDA:46,3,0,6
BRDA:46,3,1,5
BRDA:57,4,0,1
BRDA:57,4,1,4
BRDA:65,5,0,1
BRDA:65,5,1,3
BRDA:65,6,0,4
BRDA:65,6,1,3
BRDA:68,7,0,1
BRDA:68,7,1,2
BRDA:76,8,0,1
BRDA:76,8,1,1
BRDA:80,9,0,1
BRDA:80,9,1,1
BRDA:80,10,0,2
BRDA:80,10,1,2
BRDA:115,11,0,2
BRDA:115,11,1,5
BRDA:115,12,0,7
BRDA:115,12,1,6
BRDA:120,13,0,2
BRDA:120,13,1,3
BRDA:120,14,0,5
BRDA:120,14,1,4
BRDA:125,15,0,2
BRDA:125,15,1,1
BRDA:125,16,0,3
BRDA:125,16,1,2
BRDA:138,17,0,1
BRDA:138,17,1,0
BRDA:184,18,0,0
BRDA:184,18,1,0
BRDA:187,19,0,0
BRDA:187,19,1,0
BRDA:189,20,0,0
BRDA:189,20,1,0
BRDA:211,21,0,0
BRDA:211,21,1,0
BRDA:248,22,0,0
BRDA:248,22,1,0
BRDA:265,23,0,0
BRDA:265,23,1,2
BRF:48
BRH:34
end_of_record
