TN:
SF:server/connect4.js
FN:5,placeCounter
FN:26,checkWinner
FN:40,(anonymous_2)
FN:40,(anonymous_3)
FN:47,(anonymous_4)
FN:74,(anonymous_5)
FN:85,(anonymous_6)
FN:85,(anonymous_7)
FN:91,(anonymous_8)
FN:155,(anonymous_9)
FN:155,(anonymous_10)
FN:163,getCurrentPlayer
FN:172,(anonymous_12)
FN:187,createDataBoard
FN:199,updateDataFile
FN:202,(anonymous_15)
FN:216,getGames
FN:219,(anonymous_17)
FN:233,(anonymous_18)
FN:251,newGameState
FNF:20
FNH:19
FNDA:4,placeCounter
FNDA:7,checkWinner
FNDA:42,(anonymous_2)
FNDA:294,(anonymous_3)
FNDA:42,(anonymous_4)
FNDA:252,(anonymous_5)
FNDA:42,(anonymous_6)
FNDA:252,(anonymous_7)
FNDA:42,(anonymous_8)
FNDA:9,(anonymous_9)
FNDA:45,(anonymous_10)
FNDA:3,getCurrentPlayer
FNDA:104,(anonymous_12)
FNDA:2,createDataBoard
FNDA:1,updateDataFile
FNDA:1,(anonymous_15)
FNDA:3,getGames
FNDA:1,(anonymous_17)
FNDA:0,(anonymous_18)
FNDA:2,newGameState
DA:1,1
DA:2,1
DA:3,1
DA:7,4
DA:9,10
DA:10,3
DA:13,1
DA:28,7
DA:29,7
DA:30,7
DA:32,7
DA:33,29
DA:34,29
DA:39,7
DA:40,42
DA:41,294
DA:42,218
DA:44,76
DA:49,42
DA:51,42
DA:53,42
DA:54,1
DA:55,41
DA:56,0
DA:58,42
DA:61,0
DA:64,7
DA:65,1
DA:68,6
DA:72,6
DA:73,6
DA:74,6
DA:75,252
DA:76,252
DA:77,42
DA:79,252
DA:80,252
DA:84,6
DA:85,42
DA:86,252
DA:87,0
DA:89,252
DA:92,42
DA:94,42
DA:96,36
DA:97,1
DA:98,35
DA:99,0
DA:101,36
DA:104,6
DA:107,6
DA:108,1
DA:111,5
DA:115,5
DA:116,14
DA:117,14
DA:119,14
DA:122,54
DA:123,13
DA:124,13
DA:125,19
DA:126,0
DA:129,19
DA:130,13
DA:135,54
DA:136,13
DA:137,13
DA:138,22
DA:139,1
DA:142,21
DA:143,12
DA:148,53
DA:149,53
DA:155,45
DA:156,1
DA:160,3
DA:165,3
DA:166,3
DA:168,3
DA:169,1
DA:172,3
DA:173,104
DA:175,3
DA:177,104
DA:181,3
DA:182,2
DA:184,1
DA:188,2
DA:189,2
DA:190,26
DA:191,26
DA:192,242
DA:194,26
DA:196,2
DA:200,1
DA:202,1
DA:203,1
DA:204,1
DA:205,1
DA:208,1
DA:217,3
DA:218,3
DA:219,1
DA:221,1
DA:223,2
DA:225,2
DA:230,1
DA:233,1
DA:234,0
DA:235,0
DA:237,0
DA:241,1
DA:246,1
DA:252,2
DA:263,1
LF:115
LH:107
BRDA:9,0,0,3
BRDA:9,0,1,7
BRDA:41,1,0,218
BRDA:41,1,1,76
BRDA:51,2,0,42
BRDA:51,2,1,0
BRDA:53,3,0,1
BRDA:53,3,1,41
BRDA:55,4,0,0
BRDA:55,4,1,41
BRDA:64,5,0,1
BRDA:64,5,1,6
BRDA:76,6,0,42
BRDA:76,6,1,210
BRDA:86,7,0,0
BRDA:86,7,1,252
BRDA:94,8,0,36
BRDA:94,8,1,6
BRDA:96,9,0,1
BRDA:96,9,1,35
BRDA:98,10,0,0
BRDA:98,10,1,35
BRDA:107,11,0,1
BRDA:107,11,1,5
BRDA:122,12,0,13
BRDA:122,12,1,41
BRDA:125,13,0,0
BRDA:125,13,1,19
BRDA:129,14,0,13
BRDA:129,14,1,6
BRDA:135,15,0,13
BRDA:135,15,1,41
BRDA:138,16,0,1
BRDA:138,16,1,21
BRDA:142,17,0,12
BRDA:142,17,1,9
BRDA:155,18,0,1
BRDA:155,18,1,3
BRDA:168,19,0,1
BRDA:168,19,1,2
BRDA:173,20,0,3
BRDA:173,20,1,101
BRDA:181,21,0,2
BRDA:181,21,1,1
BRDA:204,22,0,1
BRDA:204,22,1,0
BRDA:234,23,0,0
BRDA:234,23,1,0
BRF:48
BRH:40
end_of_record
TN:
SF:server/server.js
FN:9,(anonymous_0)
FN:13,(anonymous_1)
FN:22,(anonymous_2)
FN:25,(anonymous_3)
FN:34,(anonymous_4)
FN:40,(anonymous_5)
FN:64,(anonymous_6)
FN:80,(anonymous_7)
FN:94,(anonymous_8)
FN:103,(anonymous_9)
FN:123,(anonymous_10)
FN:126,(anonymous_11)
FN:127,(anonymous_12)
FN:128,(anonymous_13)
FN:132,(anonymous_14)
FN:136,(anonymous_15)
FN:140,(anonymous_16)
FN:158,(anonymous_17)
FN:161,(anonymous_18)
FN:166,(anonymous_19)
FN:192,(anonymous_20)
FN:204,(anonymous_21)
FN:225,(anonymous_22)
FNF:23
FNH:0
FNDA:0,(anonymous_0)
FNDA:0,(anonymous_1)
FNDA:0,(anonymous_2)
FNDA:0,(anonymous_3)
FNDA:0,(anonymous_4)
FNDA:0,(anonymous_5)
FNDA:0,(anonymous_6)
FNDA:0,(anonymous_7)
FNDA:0,(anonymous_8)
FNDA:0,(anonymous_9)
FNDA:0,(anonymous_10)
FNDA:0,(anonymous_11)
FNDA:0,(anonymous_12)
FNDA:0,(anonymous_13)
FNDA:0,(anonymous_14)
FNDA:0,(anonymous_15)
FNDA:0,(anonymous_16)
FNDA:0,(anonymous_17)
FNDA:0,(anonymous_18)
FNDA:0,(anonymous_19)
FNDA:0,(anonymous_20)
FNDA:0,(anonymous_21)
FNDA:0,(anonymous_22)
DA:1,1
DA:2,1
DA:3,1
DA:5,1
DA:7,1
DA:9,1
DA:11,0
DA:13,0
DA:15,0
DA:16,0
DA:19,0
DA:22,1
DA:23,0
DA:24,0
DA:26,0
DA:27,0
DA:28,0
DA:30,0
DA:32,0
DA:35,0
DA:40,1
DA:41,0
DA:43,0
DA:44,0
DA:46,0
DA:48,0
DA:49,0
DA:50,0
DA:53,0
DA:54,0
DA:55,0
DA:57,0
DA:60,0
DA:64,1
DA:65,0
DA:66,0
DA:68,0
DA:69,0
DA:70,0
DA:71,0
DA:72,0
DA:73,0
DA:75,0
DA:80,1
DA:81,0
DA:82,0
DA:83,0
DA:84,0
DA:85,0
DA:86,0
DA:88,0
DA:91,0
DA:94,0
DA:96,0
DA:97,0
DA:99,0
DA:100,0
DA:103,0
DA:105,0
DA:106,0
DA:107,0
DA:109,0
DA:112,0
DA:119,0
DA:123,1
DA:124,0
DA:125,0
DA:126,0
DA:127,0
DA:128,0
DA:132,1
DA:133,0
DA:134,0
DA:135,0
DA:137,0
DA:138,0
DA:141,0
DA:142,0
DA:143,0
DA:144,0
DA:146,0
DA:147,0
DA:148,0
DA:149,0
DA:152,0
DA:153,0
DA:158,1
DA:159,0
DA:160,0
DA:162,0
DA:163,0
DA:164,0
DA:167,0
DA:168,0
DA:169,0
DA:170,0
DA:171,0
DA:180,0
DA:192,1
DA:195,0
DA:196,0
DA:197,0
DA:198,0
DA:201,0
DA:204,0
DA:207,0
DA:208,0
DA:209,0
DA:210,0
DA:212,0
DA:215,0
DA:221,0
DA:224,1
DA:225,0
DA:226,0
DA:231,1
LF:116
LH:16
BRDA:15,0,0,0
BRDA:15,0,1,0
BRDA:27,1,0,0
BRDA:27,1,1,0
BRDA:49,2,0,0
BRDA:49,2,1,0
BRDA:53,3,0,0
BRDA:53,3,1,0
BRDA:53,4,0,0
BRDA:53,4,1,0
BRDA:96,5,0,0
BRDA:96,5,1,0
BRDA:143,6,0,0
BRDA:143,6,1,0
BRDA:146,7,0,0
BRDA:146,7,1,0
BRDA:148,8,0,0
BRDA:148,8,1,0
BRDA:170,9,0,0
BRDA:170,9,1,0
BRDA:207,10,0,0
BRDA:207,10,1,0
BRDA:224,11,0,0
BRDA:224,11,1,1
BRF:24
BRH:1
end_of_record
